{"/home/travis/build/npmtest/node-npmtest-cubism/test.js":{"path":"/home/travis/build/npmtest/node-npmtest-cubism/test.js","s":{"1":2,"2":2,"3":2,"4":2,"5":2,"6":2,"7":2,"8":1,"9":2,"10":2,"11":1,"12":1,"13":1,"14":1,"15":2,"16":2,"17":2,"18":2,"19":1,"20":1,"21":2,"22":2,"23":2,"24":1,"25":1,"26":1,"27":1,"28":1,"29":1,"30":1,"31":1,"32":1,"33":1,"34":1,"35":1,"36":1,"37":1,"38":1,"39":2,"40":2,"41":1,"42":2,"43":2,"44":1,"45":2,"46":2,"47":1,"48":2,"49":2,"50":1,"51":1,"52":1,"53":1,"54":1},"b":{"1":[2,1,1,1],"2":[1,1,1,1],"3":[1,1],"4":[1,1],"5":[1,1],"6":[1,1],"7":[1,1],"8":[1,1],"9":[1,1],"10":[1,1,1],"11":[1,1],"12":[1,1],"13":[1,1],"14":[1,1],"15":[1,1],"16":[1,1],"17":[1,1]},"f":{"1":2,"2":2,"3":2,"4":2,"5":2,"6":1,"7":1,"8":1,"9":2,"10":2,"11":2,"12":2,"13":1},"fnMap":{"1":{"name":"(anonymous_1)","line":12,"loc":{"start":{"line":12,"column":1},"end":{"line":12,"column":13}}},"2":{"name":"(anonymous_2)","line":19,"loc":{"start":{"line":19,"column":5},"end":{"line":19,"column":17}}},"3":{"name":"(anonymous_3)","line":23,"loc":{"start":{"line":23,"column":24},"end":{"line":23,"column":36}}},"4":{"name":"(anonymous_4)","line":61,"loc":{"start":{"line":61,"column":5},"end":{"line":61,"column":17}}},"5":{"name":"(anonymous_5)","line":82,"loc":{"start":{"line":82,"column":5},"end":{"line":82,"column":17}}},"6":{"name":"(anonymous_6)","line":91,"loc":{"start":{"line":91,"column":77},"end":{"line":94,"column":10}}},"7":{"name":"(anonymous_7)","line":112,"loc":{"start":{"line":112,"column":83},"end":{"line":115,"column":10}},"skip":true},"8":{"name":"(anonymous_8)","line":123,"loc":{"start":{"line":123,"column":77},"end":{"line":126,"column":10}},"skip":true},"9":{"name":"(anonymous_9)","line":139,"loc":{"start":{"line":139,"column":12},"end":{"line":139,"column":40}},"skip":true},"10":{"name":"(anonymous_10)","line":147,"loc":{"start":{"line":147,"column":77},"end":{"line":150,"column":10}},"skip":true},"11":{"name":"(anonymous_11)","line":158,"loc":{"start":{"line":158,"column":83},"end":{"line":161,"column":10}},"skip":true},"12":{"name":"(anonymous_12)","line":169,"loc":{"start":{"line":169,"column":79},"end":{"line":172,"column":10}},"skip":true},"13":{"name":"(anonymous_13)","line":180,"loc":{"start":{"line":180,"column":75},"end":{"line":183,"column":10}},"skip":true}},"statementMap":{"1":{"start":{"line":12,"column":0},"end":{"line":195,"column":5}},"2":{"start":{"line":14,"column":4},"end":{"line":14,"column":14}},"3":{"start":{"line":19,"column":4},"end":{"line":56,"column":9}},"4":{"start":{"line":21,"column":8},"end":{"line":21,"column":19}},"5":{"start":{"line":23,"column":8},"end":{"line":35,"column":13}},"6":{"start":{"line":24,"column":12},"end":{"line":34,"column":13}},"7":{"start":{"line":25,"column":16},"end":{"line":28,"column":30}},"8":{"start":{"line":30,"column":16},"end":{"line":33,"column":27}},"9":{"start":{"line":37,"column":8},"end":{"line":39,"column":21}},"10":{"start":{"line":40,"column":8},"end":{"line":53,"column":9}},"11":{"start":{"line":43,"column":12},"end":{"line":46,"column":14}},"12":{"start":{"line":47,"column":12},"end":{"line":47,"column":18}},"13":{"start":{"line":50,"column":12},"end":{"line":51,"column":46}},"14":{"start":{"line":52,"column":12},"end":{"line":52,"column":18}},"15":{"start":{"line":55,"column":8},"end":{"line":55,"column":35}},"16":{"start":{"line":61,"column":4},"end":{"line":63,"column":9}},"17":{"start":{"line":62,"column":8},"end":{"line":62,"column":15}},"18":{"start":{"line":64,"column":4},"end":{"line":77,"column":5}},"19":{"start":{"line":70,"column":8},"end":{"line":70,"column":14}},"20":{"start":{"line":76,"column":8},"end":{"line":76,"column":14}},"21":{"start":{"line":82,"column":4},"end":{"line":84,"column":9}},"22":{"start":{"line":83,"column":8},"end":{"line":83,"column":15}},"23":{"start":{"line":85,"column":4},"end":{"line":194,"column":5}},"24":{"start":{"line":91,"column":8},"end":{"line":99,"column":10}},"25":{"start":{"line":98,"column":12},"end":{"line":98,"column":35}},"26":{"start":{"line":102,"column":8},"end":{"line":104,"column":63}},"27":{"start":{"line":105,"column":8},"end":{"line":105,"column":14}},"28":{"start":{"line":112,"column":8},"end":{"line":121,"column":10},"skip":true},"29":{"start":{"line":119,"column":12},"end":{"line":119,"column":55},"skip":true},"30":{"start":{"line":120,"column":12},"end":{"line":120,"column":48},"skip":true},"31":{"start":{"line":123,"column":8},"end":{"line":136,"column":10},"skip":true},"32":{"start":{"line":130,"column":12},"end":{"line":130,"column":76},"skip":true},"33":{"start":{"line":131,"column":12},"end":{"line":131,"column":73},"skip":true},"34":{"start":{"line":132,"column":12},"end":{"line":132,"column":74},"skip":true},"35":{"start":{"line":133,"column":12},"end":{"line":133,"column":79},"skip":true},"36":{"start":{"line":134,"column":12},"end":{"line":134,"column":25},"skip":true},"37":{"start":{"line":135,"column":12},"end":{"line":135,"column":45},"skip":true},"38":{"start":{"line":138,"column":8},"end":{"line":145,"column":14},"skip":true},"39":{"start":{"line":143,"column":16},"end":{"line":143,"column":29},"skip":true},"40":{"start":{"line":144,"column":16},"end":{"line":144,"column":55},"skip":true},"41":{"start":{"line":147,"column":8},"end":{"line":156,"column":10},"skip":true},"42":{"start":{"line":154,"column":12},"end":{"line":154,"column":25},"skip":true},"43":{"start":{"line":155,"column":12},"end":{"line":155,"column":45},"skip":true},"44":{"start":{"line":158,"column":8},"end":{"line":167,"column":10},"skip":true},"45":{"start":{"line":165,"column":12},"end":{"line":165,"column":25},"skip":true},"46":{"start":{"line":166,"column":12},"end":{"line":166,"column":48},"skip":true},"47":{"start":{"line":169,"column":8},"end":{"line":178,"column":10},"skip":true},"48":{"start":{"line":176,"column":12},"end":{"line":176,"column":25},"skip":true},"49":{"start":{"line":177,"column":12},"end":{"line":177,"column":46},"skip":true},"50":{"start":{"line":180,"column":8},"end":{"line":189,"column":10},"skip":true},"51":{"start":{"line":187,"column":12},"end":{"line":187,"column":94},"skip":true},"52":{"start":{"line":188,"column":12},"end":{"line":188,"column":48},"skip":true},"53":{"start":{"line":192,"column":8},"end":{"line":192,"column":35},"skip":true},"54":{"start":{"line":193,"column":8},"end":{"line":193,"column":14},"skip":true}},"branchMap":{"1":{"line":25,"type":"binary-expr","locations":[{"start":{"line":25,"column":23},"end":{"line":25,"column":62}},{"start":{"line":26,"column":20},"end":{"line":26,"column":70}},{"start":{"line":27,"column":20},"end":{"line":27,"column":71}},{"start":{"line":28,"column":20},"end":{"line":28,"column":29}}]},"2":{"line":30,"type":"binary-expr","locations":[{"start":{"line":30,"column":23},"end":{"line":30,"column":37}},{"start":{"line":31,"column":20},"end":{"line":31,"column":61}},{"start":{"line":32,"column":20},"end":{"line":32,"column":70}},{"start":{"line":33,"column":20},"end":{"line":33,"column":26}}]},"3":{"line":37,"type":"cond-expr","locations":[{"start":{"line":38,"column":14},"end":{"line":38,"column":20}},{"start":{"line":39,"column":14},"end":{"line":39,"column":20}}]},"4":{"line":40,"type":"switch","locations":[{"start":{"line":42,"column":8},"end":{"line":47,"column":18}},{"start":{"line":49,"column":8},"end":{"line":52,"column":18}}]},"5":{"line":44,"type":"binary-expr","locations":[{"start":{"line":44,"column":16},"end":{"line":44,"column":44}},{"start":{"line":44,"column":48},"end":{"line":44,"column":66}}]},"6":{"line":50,"type":"binary-expr","locations":[{"start":{"line":50,"column":21},"end":{"line":50,"column":49}},{"start":{"line":50,"column":53},"end":{"line":50,"column":72}}]},"7":{"line":64,"type":"switch","locations":[{"start":{"line":69,"column":4},"end":{"line":70,"column":14}},{"start":{"line":75,"column":4},"end":{"line":76,"column":14}}]},"8":{"line":85,"type":"switch","locations":[{"start":{"line":90,"column":4},"end":{"line":105,"column":14}},{"start":{"line":111,"column":4},"end":{"line":193,"column":14},"skip":true}]},"9":{"line":91,"type":"binary-expr","locations":[{"start":{"line":91,"column":42},"end":{"line":91,"column":73}},{"start":{"line":91,"column":77},"end":{"line":99,"column":9}}]},"10":{"line":102,"type":"binary-expr","locations":[{"start":{"line":102,"column":18},"end":{"line":102,"column":32}},{"start":{"line":103,"column":12},"end":{"line":103,"column":53}},{"start":{"line":104,"column":12},"end":{"line":104,"column":61}}]},"11":{"line":112,"type":"binary-expr","locations":[{"start":{"line":112,"column":45},"end":{"line":112,"column":79},"skip":true},{"start":{"line":112,"column":83},"end":{"line":121,"column":9},"skip":true}]},"12":{"line":123,"type":"binary-expr","locations":[{"start":{"line":123,"column":42},"end":{"line":123,"column":73},"skip":true},{"start":{"line":123,"column":77},"end":{"line":136,"column":9},"skip":true}]},"13":{"line":138,"type":"binary-expr","locations":[{"start":{"line":138,"column":48},"end":{"line":138,"column":85},"skip":true},{"start":{"line":139,"column":12},"end":{"line":145,"column":13},"skip":true}]},"14":{"line":147,"type":"binary-expr","locations":[{"start":{"line":147,"column":42},"end":{"line":147,"column":73},"skip":true},{"start":{"line":147,"column":77},"end":{"line":156,"column":9},"skip":true}]},"15":{"line":158,"type":"binary-expr","locations":[{"start":{"line":158,"column":45},"end":{"line":158,"column":79},"skip":true},{"start":{"line":158,"column":83},"end":{"line":167,"column":9},"skip":true}]},"16":{"line":169,"type":"binary-expr","locations":[{"start":{"line":169,"column":43},"end":{"line":169,"column":75},"skip":true},{"start":{"line":169,"column":79},"end":{"line":178,"column":9},"skip":true}]},"17":{"line":180,"type":"binary-expr","locations":[{"start":{"line":180,"column":41},"end":{"line":180,"column":71},"skip":true},{"start":{"line":180,"column":75},"end":{"line":189,"column":9},"skip":true}]}},"code":["/* istanbul instrument in package npmtest_cubism */","/*jslint","    bitwise: true,","    browser: true,","    maxerr: 8,","    maxlen: 96,","    node: true,","    nomen: true,","    regexp: true,","    stupid: true","*/","(function () {","    'use strict';","    var local;","","","","    // run shared js-env code - pre-init","    (function () {","        // init local","        local = {};","        // init modeJs","        local.modeJs = (function () {","            try {","                return typeof navigator.userAgent === 'string' &&","                    typeof document.querySelector('body') === 'object' &&","                    typeof XMLHttpRequest.prototype.open === 'function' &&","                    'browser';","            } catch (errorCaughtBrowser) {","                return module.exports &&","                    typeof process.versions.node === 'string' &&","                    typeof require('http').createServer === 'function' &&","                    'node';","            }","        }());","        // init global","        local.global = local.modeJs === 'browser'","            ? window","            : global;","        switch (local.modeJs) {","        // re-init local from window.local","        case 'browser':","            local = local.global.utility2.objectSetDefault(","                local.global.utility2_rollup || local.global.local,","                local.global.utility2","            );","            break;","        // re-init local from example.js","        case 'node':","            local = (local.global.utility2_rollup || require('utility2'))","                .requireExampleJsFromReadme();","            break;","        }","        // export local","        local.global.local = local;","    }());","","","","    // run shared js-env code - function","    (function () {","        return;","    }());","    switch (local.modeJs) {","","","","    // run browser js-env code - function","    case 'browser':","        break;","","","","    // run node js-env code - function","    case 'node':","        break;","    }","","","","    // run shared js-env code - post-init","    (function () {","        return;","    }());","    switch (local.modeJs) {","","","","    // run browser js-env code - post-init","    case 'browser':","        local.testCase_browser_nullCase = local.testCase_browser_nullCase || function (","            options,","            onError","        ) {","        /*","         * this function will test browsers's null-case handling-behavior-behavior","         */","            onError(null, options);","        };","","        // run tests","        local.nop(local.modeTest &&","            document.querySelector('#testRunButton1') &&","            document.querySelector('#testRunButton1').click());","        break;","","","","    // run node js-env code - post-init","    /* istanbul ignore next */","    case 'node':","        local.testCase_buildApidoc_default = local.testCase_buildApidoc_default || function (","            options,","            onError","        ) {","        /*","         * this function will test buildApidoc's default handling-behavior-behavior","         */","            options = { modulePathList: module.paths };","            local.buildApidoc(options, onError);","        };","","        local.testCase_buildApp_default = local.testCase_buildApp_default || function (","            options,","            onError","        ) {","        /*","         * this function will test buildApp's default handling-behavior-behavior","         */","            local.testCase_buildReadme_default(options, local.onErrorThrow);","            local.testCase_buildLib_default(options, local.onErrorThrow);","            local.testCase_buildTest_default(options, local.onErrorThrow);","            local.testCase_buildCustomOrg_default(options, local.onErrorThrow);","            options = [];","            local.buildApp(options, onError);","        };","","        local.testCase_buildCustomOrg_default = local.testCase_buildCustomOrg_default ||","            function (options, onError) {","            /*","             * this function will test buildCustomOrg's default handling-behavior","             */","                options = {};","                local.buildCustomOrg(options, onError);","            };","","        local.testCase_buildLib_default = local.testCase_buildLib_default || function (","            options,","            onError","        ) {","        /*","         * this function will test buildLib's default handling-behavior","         */","            options = {};","            local.buildLib(options, onError);","        };","","        local.testCase_buildReadme_default = local.testCase_buildReadme_default || function (","            options,","            onError","        ) {","        /*","         * this function will test buildReadme's default handling-behavior-behavior","         */","            options = {};","            local.buildReadme(options, onError);","        };","","        local.testCase_buildTest_default = local.testCase_buildTest_default || function (","            options,","            onError","        ) {","        /*","         * this function will test buildTest's default handling-behavior","         */","            options = {};","            local.buildTest(options, onError);","        };","","        local.testCase_webpage_default = local.testCase_webpage_default || function (","            options,","            onError","        ) {","        /*","         * this function will test webpage's default handling-behavior","         */","            options = { modeCoverageMerge: true, url: local.serverLocalHost + '?modeTest=1' };","            local.browserTest(options, onError);","        };","","        // run test-server","        local.testRunServer(local);","        break;","    }","}());",""],"l":{"12":2,"14":2,"19":2,"21":2,"23":2,"24":2,"25":2,"30":1,"37":2,"40":2,"43":1,"47":1,"50":1,"52":1,"55":2,"61":2,"62":2,"64":2,"70":1,"76":1,"82":2,"83":2,"85":2,"91":1,"98":1,"102":1,"105":1,"112":1,"119":1,"120":1,"123":1,"130":1,"131":1,"132":1,"133":1,"134":1,"135":1,"138":1,"143":2,"144":2,"147":1,"154":2,"155":2,"158":1,"165":2,"166":2,"169":1,"176":2,"177":2,"180":1,"187":1,"188":1,"192":1,"193":1}},"/home/travis/build/npmtest/node-npmtest-cubism/lib.npmtest_cubism.js":{"path":"/home/travis/build/npmtest/node-npmtest-cubism/lib.npmtest_cubism.js","s":{"1":2,"2":2,"3":2,"4":2,"5":2,"6":2,"7":2,"8":1,"9":2,"10":2,"11":2,"12":2,"13":1,"14":1,"15":1,"16":1},"b":{"1":[2,1,1,1],"2":[1,1,1,1],"3":[1,1],"4":[2,2],"5":[1,1]},"f":{"1":2,"2":2,"3":2},"fnMap":{"1":{"name":"(anonymous_1)","line":12,"loc":{"start":{"line":12,"column":1},"end":{"line":12,"column":13}}},"2":{"name":"(anonymous_2)","line":19,"loc":{"start":{"line":19,"column":5},"end":{"line":19,"column":17}}},"3":{"name":"(anonymous_3)","line":23,"loc":{"start":{"line":23,"column":24},"end":{"line":23,"column":36}}}},"statementMap":{"1":{"start":{"line":12,"column":0},"end":{"line":53,"column":5}},"2":{"start":{"line":14,"column":4},"end":{"line":14,"column":14}},"3":{"start":{"line":19,"column":4},"end":{"line":52,"column":9}},"4":{"start":{"line":21,"column":8},"end":{"line":21,"column":19}},"5":{"start":{"line":23,"column":8},"end":{"line":35,"column":13}},"6":{"start":{"line":24,"column":12},"end":{"line":34,"column":13}},"7":{"start":{"line":25,"column":16},"end":{"line":28,"column":30}},"8":{"start":{"line":30,"column":16},"end":{"line":33,"column":27}},"9":{"start":{"line":37,"column":8},"end":{"line":39,"column":21}},"10":{"start":{"line":41,"column":8},"end":{"line":41,"column":54}},"11":{"start":{"line":43,"column":8},"end":{"line":43,"column":51}},"12":{"start":{"line":45,"column":8},"end":{"line":51,"column":9}},"13":{"start":{"line":46,"column":12},"end":{"line":46,"column":57}},"14":{"start":{"line":48,"column":12},"end":{"line":48,"column":35}},"15":{"start":{"line":49,"column":12},"end":{"line":49,"column":49}},"16":{"start":{"line":50,"column":12},"end":{"line":50,"column":43}}},"branchMap":{"1":{"line":25,"type":"binary-expr","locations":[{"start":{"line":25,"column":23},"end":{"line":25,"column":62}},{"start":{"line":26,"column":20},"end":{"line":26,"column":70}},{"start":{"line":27,"column":20},"end":{"line":27,"column":71}},{"start":{"line":28,"column":20},"end":{"line":28,"column":29}}]},"2":{"line":30,"type":"binary-expr","locations":[{"start":{"line":30,"column":23},"end":{"line":30,"column":37}},{"start":{"line":31,"column":20},"end":{"line":31,"column":61}},{"start":{"line":32,"column":20},"end":{"line":32,"column":70}},{"start":{"line":33,"column":20},"end":{"line":33,"column":26}}]},"3":{"line":37,"type":"cond-expr","locations":[{"start":{"line":38,"column":14},"end":{"line":38,"column":20}},{"start":{"line":39,"column":14},"end":{"line":39,"column":20}}]},"4":{"line":41,"type":"binary-expr","locations":[{"start":{"line":41,"column":16},"end":{"line":41,"column":44}},{"start":{"line":41,"column":48},"end":{"line":41,"column":53}}]},"5":{"line":45,"type":"if","locations":[{"start":{"line":45,"column":8},"end":{"line":45,"column":8}},{"start":{"line":45,"column":8},"end":{"line":45,"column":8}}]}},"code":["/* istanbul instrument in package npmtest_cubism */","/*jslint","    bitwise: true,","    browser: true,","    maxerr: 8,","    maxlen: 96,","    node: true,","    nomen: true,","    regexp: true,","    stupid: true","*/","(function () {","    'use strict';","    var local;","","","","    // run shared js-env code - pre-init","    (function () {","        // init local","        local = {};","        // init modeJs","        local.modeJs = (function () {","            try {","                return typeof navigator.userAgent === 'string' &&","                    typeof document.querySelector('body') === 'object' &&","                    typeof XMLHttpRequest.prototype.open === 'function' &&","                    'browser';","            } catch (errorCaughtBrowser) {","                return module.exports &&","                    typeof process.versions.node === 'string' &&","                    typeof require('http').createServer === 'function' &&","                    'node';","            }","        }());","        // init global","        local.global = local.modeJs === 'browser'","            ? window","            : global;","        // init utility2_rollup","        local = local.global.utility2_rollup || local;","        // init lib","        local.local = local.npmtest_cubism = local;","        // init exports","        if (local.modeJs === 'browser') {","            local.global.utility2_npmtest_cubism = local;","        } else {","            module.exports = local;","            module.exports.__dirname = __dirname;","            module.exports.module = module;","        }","    }());","}());",""],"l":{"12":2,"14":2,"19":2,"21":2,"23":2,"24":2,"25":2,"30":1,"37":2,"41":2,"43":2,"45":2,"46":1,"48":1,"49":1,"50":1}},"/home/travis/build/npmtest/node-npmtest-cubism/example.js":{"path":"/home/travis/build/npmtest/node-npmtest-cubism/example.js","s":{"1":2,"2":2,"3":2,"4":2,"5":2,"6":2,"7":2,"8":1,"9":2,"10":2,"11":2,"12":2,"13":1,"14":2,"15":2,"16":2,"17":2,"18":2,"19":0,"20":2,"21":1,"22":1,"23":1,"24":1,"25":1,"26":0,"27":0,"28":1,"29":1,"30":2,"31":0,"32":0,"33":0,"34":1,"35":2,"36":2,"37":3,"38":3,"39":3,"40":3,"41":0,"42":3,"43":3,"44":3,"45":1,"46":3,"47":1,"48":1,"49":1,"50":1,"51":1,"52":1,"53":1,"54":1,"55":1,"56":1,"57":0,"58":1,"59":6,"60":6,"61":1,"62":2,"63":0,"64":2,"65":1,"66":1,"67":0,"68":0,"69":0,"70":0,"71":0,"72":0,"73":0,"74":0,"75":0,"76":0,"77":0,"78":0,"79":0,"80":0,"81":0,"82":0,"83":0},"b":{"1":[2,1,1,1],"2":[1,1,1,1],"3":[1,1],"4":[2,2],"5":[1,1],"6":[1,1],"7":[2,0],"8":[2,1,1,1,1,1],"9":[0,2,0],"10":[1,1],"11":[2,1,1],"12":[1,0],"13":[0,2],"14":[2,0,0,0,0,0,0],"15":[0,3],"16":[3,0],"17":[1,1],"18":[0,1],"19":[1,2,0,2],"20":[1,0],"21":[1,1],"22":[0,0],"23":[0,0],"24":[0,0],"25":[0,0],"26":[0,0],"27":[0,0],"28":[0,0]},"f":{"1":2,"2":2,"3":2,"4":2,"5":2,"6":2,"7":3,"8":3,"9":3,"10":1,"11":6,"12":0},"fnMap":{"1":{"name":"(anonymous_1)","line":26,"loc":{"start":{"line":26,"column":1},"end":{"line":26,"column":13}}},"2":{"name":"(anonymous_2)","line":33,"loc":{"start":{"line":33,"column":5},"end":{"line":33,"column":17}}},"3":{"name":"(anonymous_3)","line":37,"loc":{"start":{"line":37,"column":24},"end":{"line":37,"column":36}}},"4":{"name":"(anonymous_4)","line":69,"loc":{"start":{"line":69,"column":31},"end":{"line":69,"column":48}},"skip":true},"5":{"name":"(anonymous_5)","line":78,"loc":{"start":{"line":78,"column":26},"end":{"line":78,"column":45}},"skip":true},"6":{"name":"(anonymous_6)","line":123,"loc":{"start":{"line":123,"column":33},"end":{"line":123,"column":48}},"skip":true},"7":{"name":"(anonymous_7)","line":125,"loc":{"start":{"line":125,"column":27},"end":{"line":125,"column":39}},"skip":true},"8":{"name":"(anonymous_8)","line":133,"loc":{"start":{"line":133,"column":59},"end":{"line":133,"column":74}},"skip":true},"9":{"name":"(anonymous_9)","line":143,"loc":{"start":{"line":143,"column":45},"end":{"line":143,"column":62}},"skip":true},"10":{"name":"(anonymous_10)","line":144,"loc":{"start":{"line":144,"column":73},"end":{"line":144,"column":92}},"skip":true},"11":{"name":"(anonymous_11)","line":272,"loc":{"start":{"line":272,"column":51},"end":{"line":272,"column":77}},"skip":true},"12":{"name":"(anonymous_12)","line":315,"loc":{"start":{"line":315,"column":32},"end":{"line":315,"column":61}},"skip":true}},"statementMap":{"1":{"start":{"line":26,"column":0},"end":{"line":326,"column":5}},"2":{"start":{"line":28,"column":4},"end":{"line":28,"column":14}},"3":{"start":{"line":33,"column":4},"end":{"line":60,"column":9}},"4":{"start":{"line":35,"column":8},"end":{"line":35,"column":19}},"5":{"start":{"line":37,"column":8},"end":{"line":49,"column":13}},"6":{"start":{"line":38,"column":12},"end":{"line":48,"column":13}},"7":{"start":{"line":39,"column":16},"end":{"line":42,"column":30}},"8":{"start":{"line":44,"column":16},"end":{"line":47,"column":27}},"9":{"start":{"line":51,"column":8},"end":{"line":53,"column":21}},"10":{"start":{"line":55,"column":8},"end":{"line":57,"column":45}},"11":{"start":{"line":59,"column":8},"end":{"line":59,"column":35}},"12":{"start":{"line":61,"column":4},"end":{"line":325,"column":5}},"13":{"start":{"line":69,"column":8},"end":{"line":121,"column":10},"skip":true},"14":{"start":{"line":70,"column":12},"end":{"line":88,"column":13},"skip":true},"15":{"start":{"line":76,"column":16},"end":{"line":87,"column":19},"skip":true},"16":{"start":{"line":79,"column":20},"end":{"line":86,"column":21},"skip":true},"17":{"start":{"line":82,"column":24},"end":{"line":82,"column":43},"skip":true},"18":{"start":{"line":83,"column":24},"end":{"line":83,"column":30},"skip":true},"19":{"start":{"line":85,"column":24},"end":{"line":85,"column":49},"skip":true},"20":{"start":{"line":89,"column":12},"end":{"line":107,"column":13},"skip":true},"21":{"start":{"line":92,"column":16},"end":{"line":102,"column":17},"skip":true},"22":{"start":{"line":93,"column":20},"end":{"line":93,"column":86},"skip":true},"23":{"start":{"line":94,"column":20},"end":{"line":95,"column":45},"skip":true},"24":{"start":{"line":96,"column":20},"end":{"line":96,"column":42},"skip":true},"25":{"start":{"line":97,"column":20},"end":{"line":97,"column":48},"skip":true},"26":{"start":{"line":100,"column":20},"end":{"line":100,"column":85},"skip":true},"27":{"start":{"line":101,"column":20},"end":{"line":101,"column":96},"skip":true},"28":{"start":{"line":103,"column":16},"end":{"line":103,"column":22},"skip":true},"29":{"start":{"line":106,"column":16},"end":{"line":106,"column":22},"skip":true},"30":{"start":{"line":108,"column":12},"end":{"line":120,"column":13},"skip":true},"31":{"start":{"line":114,"column":16},"end":{"line":119,"column":17},"skip":true},"32":{"start":{"line":116,"column":20},"end":{"line":116,"column":78},"skip":true},"33":{"start":{"line":118,"column":20},"end":{"line":118,"column":47},"skip":true},"34":{"start":{"line":123,"column":8},"end":{"line":141,"column":11},"skip":true},"35":{"start":{"line":124,"column":12},"end":{"line":124,"column":54},"skip":true},"36":{"start":{"line":125,"column":12},"end":{"line":140,"column":14},"skip":true},"37":{"start":{"line":126,"column":16},"end":{"line":126,"column":28},"skip":true},"38":{"start":{"line":127,"column":16},"end":{"line":127,"column":69},"skip":true},"39":{"start":{"line":128,"column":16},"end":{"line":128,"column":75},"skip":true},"40":{"start":{"line":129,"column":16},"end":{"line":131,"column":17},"skip":true},"41":{"start":{"line":130,"column":20},"end":{"line":130,"column":27},"skip":true},"42":{"start":{"line":133,"column":16},"end":{"line":137,"column":36},"skip":true},"43":{"start":{"line":134,"column":20},"end":{"line":136,"column":55},"skip":true},"44":{"start":{"line":139,"column":16},"end":{"line":139,"column":57},"skip":true},"45":{"start":{"line":143,"column":8},"end":{"line":147,"column":11},"skip":true},"46":{"start":{"line":144,"column":12},"end":{"line":146,"column":15},"skip":true},"47":{"start":{"line":145,"column":16},"end":{"line":145,"column":70},"skip":true},"48":{"start":{"line":149,"column":8},"end":{"line":149,"column":31},"skip":true},"49":{"start":{"line":150,"column":8},"end":{"line":150,"column":14},"skip":true},"50":{"start":{"line":158,"column":8},"end":{"line":158,"column":31},"skip":true},"51":{"start":{"line":160,"column":8},"end":{"line":160,"column":33},"skip":true},"52":{"start":{"line":161,"column":8},"end":{"line":161,"column":37},"skip":true},"53":{"start":{"line":162,"column":8},"end":{"line":162,"column":35},"skip":true},"54":{"start":{"line":164,"column":8},"end":{"line":164,"column":50},"skip":true},"55":{"start":{"line":166,"column":8},"end":{"line":256,"column":2},"skip":true},"56":{"start":{"line":258,"column":8},"end":{"line":286,"column":9},"skip":true},"57":{"start":{"line":259,"column":12},"end":{"line":269,"column":14},"skip":true},"58":{"start":{"line":271,"column":12},"end":{"line":285,"column":19},"skip":true},"59":{"start":{"line":274,"column":20},"end":{"line":274,"column":35},"skip":true},"60":{"start":{"line":275,"column":20},"end":{"line":284,"column":21},"skip":true},"61":{"start":{"line":277,"column":24},"end":{"line":277,"column":64},"skip":true},"62":{"start":{"line":279,"column":24},"end":{"line":279,"column":40},"skip":true},"63":{"start":{"line":281,"column":24},"end":{"line":281,"column":40},"skip":true},"64":{"start":{"line":283,"column":24},"end":{"line":283,"column":39},"skip":true},"65":{"start":{"line":288,"column":8},"end":{"line":290,"column":9},"skip":true},"66":{"start":{"line":289,"column":12},"end":{"line":289,"column":18},"skip":true},"67":{"start":{"line":291,"column":8},"end":{"line":293,"column":54},"skip":true},"68":{"start":{"line":296,"column":8},"end":{"line":301,"column":37},"skip":true},"69":{"start":{"line":303,"column":8},"end":{"line":303,"column":82},"skip":true},"70":{"start":{"line":306,"column":8},"end":{"line":308,"column":9},"skip":true},"71":{"start":{"line":307,"column":12},"end":{"line":307,"column":82},"skip":true},"72":{"start":{"line":310,"column":8},"end":{"line":312,"column":9},"skip":true},"73":{"start":{"line":311,"column":12},"end":{"line":311,"column":18},"skip":true},"74":{"start":{"line":313,"column":8},"end":{"line":313,"column":54},"skip":true},"75":{"start":{"line":314,"column":8},"end":{"line":314,"column":69},"skip":true},"76":{"start":{"line":315,"column":8},"end":{"line":323,"column":36},"skip":true},"77":{"start":{"line":316,"column":12},"end":{"line":316,"column":61},"skip":true},"78":{"start":{"line":317,"column":12},"end":{"line":320,"column":13},"skip":true},"79":{"start":{"line":318,"column":16},"end":{"line":318,"column":75},"skip":true},"80":{"start":{"line":319,"column":16},"end":{"line":319,"column":23},"skip":true},"81":{"start":{"line":321,"column":12},"end":{"line":321,"column":38},"skip":true},"82":{"start":{"line":322,"column":12},"end":{"line":322,"column":27},"skip":true},"83":{"start":{"line":324,"column":8},"end":{"line":324,"column":14},"skip":true}},"branchMap":{"1":{"line":39,"type":"binary-expr","locations":[{"start":{"line":39,"column":23},"end":{"line":39,"column":62}},{"start":{"line":40,"column":20},"end":{"line":40,"column":70}},{"start":{"line":41,"column":20},"end":{"line":41,"column":71}},{"start":{"line":42,"column":20},"end":{"line":42,"column":29}}]},"2":{"line":44,"type":"binary-expr","locations":[{"start":{"line":44,"column":23},"end":{"line":44,"column":37}},{"start":{"line":45,"column":20},"end":{"line":45,"column":61}},{"start":{"line":46,"column":20},"end":{"line":46,"column":70}},{"start":{"line":47,"column":20},"end":{"line":47,"column":26}}]},"3":{"line":51,"type":"cond-expr","locations":[{"start":{"line":52,"column":14},"end":{"line":52,"column":20}},{"start":{"line":53,"column":14},"end":{"line":53,"column":20}}]},"4":{"line":55,"type":"binary-expr","locations":[{"start":{"line":55,"column":16},"end":{"line":55,"column":44}},{"start":{"line":55,"column":49},"end":{"line":57,"column":43}}]},"5":{"line":55,"type":"cond-expr","locations":[{"start":{"line":56,"column":14},"end":{"line":56,"column":50}},{"start":{"line":57,"column":14},"end":{"line":57,"column":43}}]},"6":{"line":61,"type":"switch","locations":[{"start":{"line":68,"column":4},"end":{"line":150,"column":14},"skip":true},{"start":{"line":156,"column":4},"end":{"line":324,"column":14},"skip":true}]},"7":{"line":70,"type":"if","locations":[{"start":{"line":70,"column":12},"end":{"line":70,"column":12},"skip":true},{"start":{"line":70,"column":12},"end":{"line":70,"column":12},"skip":true}]},"8":{"line":70,"type":"binary-expr","locations":[{"start":{"line":70,"column":16},"end":{"line":70,"column":22},"skip":true},{"start":{"line":70,"column":27},"end":{"line":70,"column":32},"skip":true},{"start":{"line":71,"column":20},"end":{"line":71,"column":39},"skip":true},{"start":{"line":72,"column":20},"end":{"line":72,"column":49},"skip":true},{"start":{"line":73,"column":20},"end":{"line":73,"column":58},"skip":true},{"start":{"line":74,"column":20},"end":{"line":74,"column":69},"skip":true}]},"9":{"line":79,"type":"switch","locations":[{"start":{"line":80,"column":20},"end":{"line":80,"column":33},"skip":true},{"start":{"line":81,"column":20},"end":{"line":83,"column":30},"skip":true},{"start":{"line":84,"column":20},"end":{"line":85,"column":49},"skip":true}]},"10":{"line":89,"type":"switch","locations":[{"start":{"line":90,"column":12},"end":{"line":103,"column":22},"skip":true},{"start":{"line":105,"column":12},"end":{"line":106,"column":22},"skip":true}]},"11":{"line":89,"type":"binary-expr","locations":[{"start":{"line":89,"column":20},"end":{"line":89,"column":25},"skip":true},{"start":{"line":89,"column":29},"end":{"line":89,"column":48},"skip":true},{"start":{"line":89,"column":52},"end":{"line":89,"column":74},"skip":true}]},"12":{"line":92,"type":"if","locations":[{"start":{"line":92,"column":16},"end":{"line":92,"column":16},"skip":true},{"start":{"line":92,"column":16},"end":{"line":92,"column":16},"skip":true}]},"13":{"line":108,"type":"if","locations":[{"start":{"line":108,"column":12},"end":{"line":108,"column":12},"skip":true},{"start":{"line":108,"column":12},"end":{"line":108,"column":12},"skip":true}]},"14":{"line":108,"type":"binary-expr","locations":[{"start":{"line":108,"column":16},"end":{"line":108,"column":61},"skip":true},{"start":{"line":108,"column":66},"end":{"line":108,"column":72},"skip":true},{"start":{"line":108,"column":77},"end":{"line":108,"column":82},"skip":true},{"start":{"line":109,"column":20},"end":{"line":109,"column":39},"skip":true},{"start":{"line":110,"column":20},"end":{"line":110,"column":49},"skip":true},{"start":{"line":111,"column":20},"end":{"line":111,"column":58},"skip":true},{"start":{"line":112,"column":20},"end":{"line":112,"column":68},"skip":true}]},"15":{"line":129,"type":"if","locations":[{"start":{"line":129,"column":16},"end":{"line":129,"column":16},"skip":true},{"start":{"line":129,"column":16},"end":{"line":129,"column":16},"skip":true}]},"16":{"line":134,"type":"cond-expr","locations":[{"start":{"line":135,"column":26},"end":{"line":135,"column":29},"skip":true},{"start":{"line":136,"column":26},"end":{"line":136,"column":54},"skip":true}]},"17":{"line":164,"type":"binary-expr","locations":[{"start":{"line":164,"column":27},"end":{"line":164,"column":43},"skip":true},{"start":{"line":164,"column":47},"end":{"line":164,"column":49},"skip":true}]},"18":{"line":258,"type":"if","locations":[{"start":{"line":258,"column":8},"end":{"line":258,"column":8},"skip":true},{"start":{"line":258,"column":8},"end":{"line":258,"column":8},"skip":true}]},"19":{"line":275,"type":"switch","locations":[{"start":{"line":276,"column":20},"end":{"line":277,"column":64},"skip":true},{"start":{"line":278,"column":20},"end":{"line":279,"column":40},"skip":true},{"start":{"line":280,"column":20},"end":{"line":281,"column":40},"skip":true},{"start":{"line":282,"column":20},"end":{"line":283,"column":39},"skip":true}]},"20":{"line":288,"type":"if","locations":[{"start":{"line":288,"column":8},"end":{"line":288,"column":8},"skip":true},{"start":{"line":288,"column":8},"end":{"line":288,"column":8},"skip":true}]},"21":{"line":288,"type":"binary-expr","locations":[{"start":{"line":288,"column":12},"end":{"line":288,"column":40},"skip":true},{"start":{"line":288,"column":44},"end":{"line":288,"column":67},"skip":true}]},"22":{"line":292,"type":"binary-expr","locations":[{"start":{"line":292,"column":12},"end":{"line":292,"column":50},"skip":true},{"start":{"line":293,"column":12},"end":{"line":293,"column":53},"skip":true}]},"23":{"line":297,"type":"binary-expr","locations":[{"start":{"line":297,"column":12},"end":{"line":297,"column":64},"skip":true},{"start":{"line":298,"column":12},"end":{"line":301,"column":36},"skip":true}]},"24":{"line":303,"type":"binary-expr","locations":[{"start":{"line":303,"column":43},"end":{"line":303,"column":75},"skip":true},{"start":{"line":303,"column":79},"end":{"line":303,"column":81},"skip":true}]},"25":{"line":306,"type":"if","locations":[{"start":{"line":306,"column":8},"end":{"line":306,"column":8},"skip":true},{"start":{"line":306,"column":8},"end":{"line":306,"column":8},"skip":true}]},"26":{"line":310,"type":"if","locations":[{"start":{"line":310,"column":8},"end":{"line":310,"column":8},"skip":true},{"start":{"line":310,"column":8},"end":{"line":310,"column":8},"skip":true}]},"27":{"line":313,"type":"binary-expr","locations":[{"start":{"line":313,"column":27},"end":{"line":313,"column":43},"skip":true},{"start":{"line":313,"column":47},"end":{"line":313,"column":53},"skip":true}]},"28":{"line":317,"type":"if","locations":[{"start":{"line":317,"column":12},"end":{"line":317,"column":12},"skip":true},{"start":{"line":317,"column":12},"end":{"line":317,"column":12},"skip":true}]}},"code":["/*","example.js","","quickstart example","","instruction","    1. save this script as example.js","    2. run the shell command:","        $ npm install npmtest-cubism && PORT=8081 node example.js","    3. play with the browser-demo on http://127.0.0.1:8081","*/","","","","/* istanbul instrument in package npmtest_cubism */","/*jslint","    bitwise: true,","    browser: true,","    maxerr: 8,","    maxlen: 96,","    node: true,","    nomen: true,","    regexp: true,","    stupid: true","*/","(function () {","    'use strict';","    var local;","","","","    // run shared js-env code - pre-init","    (function () {","        // init local","        local = {};","        // init modeJs","        local.modeJs = (function () {","            try {","                return typeof navigator.userAgent === 'string' &&","                    typeof document.querySelector('body') === 'object' &&","                    typeof XMLHttpRequest.prototype.open === 'function' &&","                    'browser';","            } catch (errorCaughtBrowser) {","                return module.exports &&","                    typeof process.versions.node === 'string' &&","                    typeof require('http').createServer === 'function' &&","                    'node';","            }","        }());","        // init global","        local.global = local.modeJs === 'browser'","            ? window","            : global;","        // init utility2_rollup","        local = local.global.utility2_rollup || (local.modeJs === 'browser'","            ? local.global.utility2_npmtest_cubism","            : global.utility2_moduleExports);","        // export local","        local.global.local = local;","    }());","    switch (local.modeJs) {","","","","    // post-init","    // run browser js-env code - post-init","    /* istanbul ignore next */","    case 'browser':","        local.testRunBrowser = function (event) {","            if (!event || (event &&","                    event.currentTarget &&","                    event.currentTarget.className &&","                    event.currentTarget.className.includes &&","                    event.currentTarget.className.includes('onreset'))) {","                // reset output","                Array.from(","                    document.querySelectorAll('body > .resettable')","                ).forEach(function (element) {","                    switch (element.tagName) {","                    case 'INPUT':","                    case 'TEXTAREA':","                        element.value = '';","                        break;","                    default:","                        element.textContent = '';","                    }","                });","            }","            switch (event && event.currentTarget && event.currentTarget.id) {","            case 'testRunButton1':","                // show tests","                if (document.querySelector('#testReportDiv1').style.display === 'none') {","                    document.querySelector('#testReportDiv1').style.display = 'block';","                    document.querySelector('#testRunButton1').textContent =","                        'hide internal test';","                    local.modeTest = true;","                    local.testRunDefault(local);","                // hide tests","                } else {","                    document.querySelector('#testReportDiv1').style.display = 'none';","                    document.querySelector('#testRunButton1').textContent = 'run internal test';","                }","                break;","            // custom-case","            default:","                break;","            }","            if (document.querySelector('#inputTextareaEval1') && (!event || (event &&","                    event.currentTarget &&","                    event.currentTarget.className &&","                    event.currentTarget.className.includes &&","                    event.currentTarget.className.includes('oneval')))) {","                // try to eval input-code","                try {","                    /*jslint evil: true*/","                    eval(document.querySelector('#inputTextareaEval1').value);","                } catch (errorCaught) {","                    console.error(errorCaught);","                }","            }","        };","        // log stderr and stdout to #outputTextareaStdout1","        ['error', 'log'].forEach(function (key) {","            console[key + '_original'] = console[key];","            console[key] = function () {","                var element;","                console[key + '_original'].apply(console, arguments);","                element = document.querySelector('#outputTextareaStdout1');","                if (!element) {","                    return;","                }","                // append text to #outputTextareaStdout1","                element.value += Array.from(arguments).map(function (arg) {","                    return typeof arg === 'string'","                        ? arg","                        : JSON.stringify(arg, null, 4);","                }).join(' ') + '\\n';","                // scroll textarea to bottom","                element.scrollTop = element.scrollHeight;","            };","        });","        // init event-handling","        ['change', 'click', 'keyup'].forEach(function (event) {","            Array.from(document.querySelectorAll('.on' + event)).forEach(function (element) {","                element.addEventListener(event, local.testRunBrowser);","            });","        });","        // run tests","        local.testRunBrowser();","        break;","","","","    // run node js-env code - post-init","    /* istanbul ignore next */","    case 'node':","        // export local","        module.exports = local;","        // require modules","        local.fs = require('fs');","        local.http = require('http');","        local.url = require('url');","        // init assets","        local.assetsDict = local.assetsDict || {};","        /* jslint-ignore-begin */","        local.assetsDict['/assets.index.template.html'] = '\\","<!doctype html>\\n\\","<html lang=\"en\">\\n\\","<head>\\n\\","<meta charset=\"UTF-8\">\\n\\","<meta name=\"viewport\" content=\"width=device-width, initial-scale=1\">\\n\\","<title>{{env.npm_package_name}} (v{{env.npm_package_version}})</title>\\n\\","<style>\\n\\","/*csslint\\n\\","    box-sizing: false,\\n\\","    universal-selector: false\\n\\","*/\\n\\","* {\\n\\","    box-sizing: border-box;\\n\\","}\\n\\","body {\\n\\","    background: #dde;\\n\\","    font-family: Arial, Helvetica, sans-serif;\\n\\","    margin: 2rem;\\n\\","}\\n\\","body > * {\\n\\","    margin-bottom: 1rem;\\n\\","}\\n\\",".utility2FooterDiv {\\n\\","    margin-top: 20px;\\n\\","    text-align: center;\\n\\","}\\n\\","</style>\\n\\","<style>\\n\\","/*csslint\\n\\","*/\\n\\","textarea {\\n\\","    font-family: monospace;\\n\\","    height: 10rem;\\n\\","    width: 100%;\\n\\","}\\n\\","textarea[readonly] {\\n\\","    background: #ddd;\\n\\","}\\n\\","</style>\\n\\","</head>\\n\\","<body>\\n\\","<!-- utility2-comment\\n\\","<div id=\"ajaxProgressDiv1\" style=\"background: #d00; height: 2px; left: 0; margin: 0; padding: 0; position: fixed; top: 0; transition: background 0.5s, width 1.5s; width: 25%;\"></div>\\n\\","utility2-comment -->\\n\\","<h1>\\n\\","<!-- utility2-comment\\n\\","    <a\\n\\","        {{#if env.npm_package_homepage}}\\n\\","        href=\"{{env.npm_package_homepage}}\"\\n\\","        {{/if env.npm_package_homepage}}\\n\\","        target=\"_blank\"\\n\\","    >\\n\\","utility2-comment -->\\n\\","        {{env.npm_package_name}} (v{{env.npm_package_version}})\\n\\","<!-- utility2-comment\\n\\","    </a>\\n\\","utility2-comment -->\\n\\","</h1>\\n\\","<h3>{{env.npm_package_description}}</h3>\\n\\","<!-- utility2-comment\\n\\","<h4><a download href=\"assets.app.js\">download standalone app</a></h4>\\n\\","<button class=\"onclick onreset\" id=\"testRunButton1\">run internal test</button><br>\\n\\","<div id=\"testReportDiv1\" style=\"display: none;\"></div>\\n\\","utility2-comment -->\\n\\","\\n\\","\\n\\","\\n\\","<label>stderr and stdout</label>\\n\\","<textarea class=\"resettable\" id=\"outputTextareaStdout1\" readonly></textarea>\\n\\","<!-- utility2-comment\\n\\","{{#if isRollup}}\\n\\","<script src=\"assets.app.js\"></script>\\n\\","{{#unless isRollup}}\\n\\","utility2-comment -->\\n\\","<script src=\"assets.utility2.rollup.js\"></script>\\n\\","<script src=\"jsonp.utility2._stateInit?callback=window.utility2._stateInit\"></script>\\n\\","<script src=\"assets.npmtest_cubism.rollup.js\"></script>\\n\\","<script src=\"assets.example.js\"></script>\\n\\","<script src=\"assets.test.js\"></script>\\n\\","<!-- utility2-comment\\n\\","{{/if isRollup}}\\n\\","utility2-comment -->\\n\\","<div class=\"utility2FooterDiv\">\\n\\","    [ this app was created with\\n\\","    <a href=\"https://github.com/kaizhu256/node-utility2\" target=\"_blank\">utility2</a>\\n\\","    ]\\n\\","</div>\\n\\","</body>\\n\\","</html>\\n\\","';","        /* jslint-ignore-end */","        if (local.templateRender) {","            local.assetsDict['/'] = local.templateRender(","                local.assetsDict['/assets.index.template.html'],","                {","                    env: local.objectSetDefault(local.env, {","                        npm_package_description: 'the greatest app in the world!',","                        npm_package_name: 'my-app',","                        npm_package_nameAlias: 'my_app',","                        npm_package_version: '0.0.1'","                    })","                }","            );","        } else {","            local.assetsDict['/'] = local.assetsDict['/assets.index.template.html']","                .replace((/\\{\\{env\\.(\\w+?)\\}\\}/g), function (match0, match1) {","                    // jslint-hack","                    String(match0);","                    switch (match1) {","                    case 'npm_package_description':","                        return 'the greatest app in the world!';","                    case 'npm_package_name':","                        return 'my-app';","                    case 'npm_package_nameAlias':","                        return 'my_app';","                    case 'npm_package_version':","                        return '0.0.1';","                    }","                });","        }","        // run the cli","        if (local.global.utility2_rollup || module !== require.main) {","            break;","        }","        local.assetsDict['/assets.example.js'] =","            local.assetsDict['/assets.example.js'] ||","            local.fs.readFileSync(__filename, 'utf8');","        // bug-workaround - long $npm_package_buildCustomOrg","        /* jslint-ignore-begin */","        local.assetsDict['/assets.npmtest_cubism.rollup.js'] =","            local.assetsDict['/assets.npmtest_cubism.rollup.js'] ||","            local.fs.readFileSync(","                local.npmtest_cubism.__dirname + '/lib.npmtest_cubism.js',","                'utf8'","            ).replace((/^#!/), '//');","        /* jslint-ignore-end */","        local.assetsDict['/favicon.ico'] = local.assetsDict['/favicon.ico'] || '';","        // if $npm_config_timeout_exit exists,","        // then exit this process after $npm_config_timeout_exit ms","        if (Number(process.env.npm_config_timeout_exit)) {","            setTimeout(process.exit, Number(process.env.npm_config_timeout_exit));","        }","        // start server","        if (local.global.utility2_serverHttp1) {","            break;","        }","        process.env.PORT = process.env.PORT || '8081';","        console.error('server starting on port ' + process.env.PORT);","        local.http.createServer(function (request, response) {","            request.urlParsed = local.url.parse(request.url);","            if (local.assetsDict[request.urlParsed.pathname] !== undefined) {","                response.end(local.assetsDict[request.urlParsed.pathname]);","                return;","            }","            response.statusCode = 404;","            response.end();","        }).listen(process.env.PORT);","        break;","    }","}());",""],"l":{"26":2,"28":2,"33":2,"35":2,"37":2,"38":2,"39":2,"44":1,"51":2,"55":2,"59":2,"61":2,"69":1,"70":2,"76":2,"79":2,"82":2,"83":2,"85":1,"89":2,"92":1,"93":1,"94":1,"96":1,"97":1,"100":1,"101":1,"103":1,"106":1,"108":2,"114":1,"116":1,"118":1,"123":1,"124":2,"125":2,"126":3,"127":3,"128":3,"129":3,"130":1,"133":3,"134":3,"139":3,"143":1,"144":3,"145":1,"149":1,"150":1,"158":1,"160":1,"161":1,"162":1,"164":1,"166":1,"258":1,"259":1,"271":1,"274":6,"275":6,"277":1,"279":2,"281":1,"283":2,"288":1,"289":1,"291":1,"296":1,"303":1,"306":1,"307":1,"310":1,"311":1,"313":1,"314":1,"315":1,"316":1,"317":1,"318":1,"319":1,"321":1,"322":1,"324":1}},"/home/travis/build/npmtest/node-npmtest-cubism/node_modules/cubism/index.js":{"path":"/home/travis/build/npmtest/node-npmtest-cubism/node_modules/cubism/index.js","s":{"1":1,"2":1},"b":{},"f":{},"fnMap":{},"statementMap":{"1":{"start":{"line":2,"column":0},"end":{"line":2,"column":19}},"2":{"start":{"line":4,"column":0},"end":{"line":4,"column":47}}},"branchMap":{},"code":["// Sorry for polluting your global namespace!","d3 = require(\"d3\");","","module.exports = require(\"./cubism.v1\").cubism;",""],"l":{"2":1,"4":1}},"/home/travis/build/npmtest/node-npmtest-cubism/node_modules/cubism/cubism.v1.js":{"path":"/home/travis/build/npmtest/node-npmtest-cubism/node_modules/cubism/cubism.v1.js","s":{"1":1,"2":1,"3":1,"4":1,"5":0,"6":1,"7":0,"8":0,"9":1,"10":0,"11":0,"12":0,"13":0,"14":0,"15":1,"16":0,"17":1,"18":0,"19":0,"20":0,"21":0,"22":0,"23":0,"24":0,"25":0,"26":0,"27":0,"28":0,"29":0,"30":0,"31":0,"32":0,"33":0,"34":0,"35":0,"36":0,"37":0,"38":0,"39":0,"40":0,"41":0,"42":0,"43":0,"44":0,"45":0,"46":0,"47":0,"48":0,"49":0,"50":0,"51":0,"52":0,"53":0,"54":0,"55":0,"56":0,"57":0,"58":0,"59":0,"60":0,"61":0,"62":0,"63":0,"64":0,"65":0,"66":0,"67":0,"68":0,"69":0,"70":0,"71":0,"72":0,"73":0,"74":0,"75":0,"76":0,"77":0,"78":0,"79":0,"80":0,"81":0,"82":0,"83":0,"84":0,"85":0,"86":0,"87":0,"88":0,"89":0,"90":0,"91":0,"92":0,"93":0,"94":0,"95":0,"96":0,"97":0,"98":1,"99":1,"100":1,"101":0,"102":1,"103":0,"104":0,"105":0,"106":0,"107":0,"108":0,"109":0,"110":0,"111":0,"112":0,"113":0,"114":0,"115":0,"116":1,"117":1,"118":0,"119":0,"120":0,"121":1,"122":0,"123":0,"124":0,"125":0,"126":0,"127":0,"128":0,"129":0,"130":0,"131":0,"132":0,"133":0,"134":0,"135":0,"136":0,"137":0,"138":0,"139":0,"140":1,"141":0,"142":0,"143":0,"144":0,"145":0,"146":0,"147":0,"148":0,"149":0,"150":0,"151":0,"152":1,"153":0,"154":0,"155":1,"156":0,"157":0,"158":0,"159":0,"160":0,"161":0,"162":0,"163":0,"164":0,"165":0,"166":0,"167":0,"168":0,"169":0,"170":0,"171":1,"172":0,"173":0,"174":0,"175":0,"176":0,"177":0,"178":0,"179":0,"180":0,"181":0,"182":0,"183":0,"184":0,"185":0,"186":0,"187":0,"188":0,"189":0,"190":0,"191":0,"192":1,"193":0,"194":1,"195":0,"196":0,"197":0,"198":0,"199":0,"200":0,"201":0,"202":0,"203":0,"204":0,"205":0,"206":0,"207":0,"208":0,"209":0,"210":0,"211":0,"212":0,"213":0,"214":0,"215":0,"216":0,"217":0,"218":0,"219":0,"220":0,"221":1,"222":0,"223":1,"224":0,"225":0,"226":0,"227":1,"228":0,"229":0,"230":0,"231":0,"232":0,"233":0,"234":0,"235":0,"236":0,"237":0,"238":0,"239":0,"240":0,"241":0,"242":0,"243":0,"244":1,"245":0,"246":0,"247":0,"248":0,"249":0,"250":0,"251":0,"252":0,"253":0,"254":0,"255":0,"256":0,"257":0,"258":1,"259":0,"260":0,"261":0,"262":1,"263":1,"264":1,"265":0,"266":1,"267":0,"268":0,"269":0,"270":1,"271":0,"272":0,"273":0,"274":0,"275":0,"276":0,"277":0,"278":0,"279":1,"280":0,"281":1,"282":0,"283":1,"284":0,"285":1,"286":0,"287":1,"288":0,"289":0,"290":0,"291":0,"292":0,"293":0,"294":0,"295":0,"296":0,"297":0,"298":0,"299":0,"300":0,"301":0,"302":1,"303":0,"304":0,"305":0,"306":0,"307":0,"308":0,"309":0,"310":0,"311":0,"312":0,"313":0,"314":0,"315":0,"316":0,"317":0,"318":0,"319":0,"320":0,"321":0,"322":0,"323":0,"324":0,"325":0,"326":0,"327":0,"328":0,"329":1,"330":1,"331":0,"332":0,"333":1,"334":0,"335":0,"336":0,"337":0,"338":0,"339":0,"340":0,"341":1,"342":1,"343":0,"344":1,"345":0,"346":1,"347":1,"348":0,"349":0,"350":0,"351":0,"352":0,"353":0,"354":0,"355":0,"356":0,"357":4,"358":4,"359":0,"360":4,"361":0,"362":4,"363":0,"364":0,"365":0,"366":0,"367":0,"368":4,"369":0,"370":1,"371":0,"372":1,"373":0,"374":1,"375":0,"376":1,"377":0,"378":1,"379":0,"380":1,"381":0,"382":0,"383":0,"384":0,"385":0,"386":0,"387":0,"388":0,"389":0,"390":0,"391":1,"392":0,"393":0,"394":0,"395":0,"396":0,"397":0,"398":0,"399":0,"400":0,"401":0,"402":0,"403":0,"404":0,"405":0,"406":0,"407":0,"408":0,"409":0,"410":0,"411":0,"412":0,"413":0,"414":0,"415":0,"416":0,"417":0,"418":0,"419":0,"420":0,"421":0,"422":0,"423":0,"424":0,"425":0,"426":0,"427":0,"428":0,"429":0,"430":0,"431":0,"432":0,"433":0,"434":0,"435":0,"436":0,"437":0,"438":0,"439":0,"440":1,"441":0,"442":0,"443":0,"444":0,"445":0,"446":0,"447":0,"448":0,"449":0,"450":0,"451":0,"452":0,"453":0,"454":0,"455":1,"456":0,"457":0,"458":0,"459":0,"460":0,"461":0,"462":0,"463":0,"464":0,"465":0,"466":0,"467":0,"468":0,"469":0,"470":0,"471":0,"472":0,"473":0,"474":0,"475":0,"476":0,"477":0,"478":0,"479":0,"480":0,"481":0,"482":0,"483":0,"484":0,"485":0,"486":0,"487":0,"488":0,"489":0,"490":0,"491":0,"492":0,"493":0,"494":0,"495":0,"496":0,"497":0,"498":0,"499":0,"500":1,"501":0,"502":0,"503":0,"504":1,"505":0,"506":0,"507":0,"508":0,"509":0,"510":0,"511":0,"512":0,"513":0,"514":0,"515":0,"516":1,"517":0,"518":0,"519":0,"520":0,"521":0,"522":0,"523":0,"524":0,"525":0,"526":0,"527":0,"528":0,"529":0,"530":0,"531":0,"532":0,"533":0,"534":0,"535":0,"536":0,"537":0,"538":0,"539":0,"540":0,"541":0,"542":0,"543":0,"544":1,"545":0,"546":0,"547":0,"548":0,"549":0,"550":0,"551":0,"552":1,"553":0,"554":0,"555":0,"556":0,"557":0,"558":0,"559":0,"560":0,"561":0,"562":0,"563":1,"564":0,"565":0,"566":0,"567":0,"568":0,"569":0,"570":0,"571":0,"572":0,"573":0,"574":0,"575":0,"576":0,"577":0,"578":0,"579":0,"580":0,"581":0,"582":0,"583":0,"584":0,"585":0,"586":0,"587":0,"588":0,"589":0,"590":0,"591":0,"592":0,"593":0,"594":0,"595":0,"596":0,"597":0,"598":0,"599":0,"600":0,"601":0,"602":0,"603":0,"604":0,"605":0,"606":0,"607":0,"608":0,"609":0,"610":0,"611":0,"612":0,"613":0,"614":0,"615":0,"616":0,"617":0,"618":0,"619":1,"620":1,"621":0,"622":1,"623":0,"624":1,"625":0,"626":0,"627":0,"628":1,"629":0,"630":0,"631":0,"632":0,"633":0,"634":0,"635":0,"636":0,"637":0,"638":0,"639":0,"640":0,"641":0,"642":0,"643":0,"644":0,"645":0,"646":1,"647":0,"648":0,"649":0,"650":0,"651":0,"652":0,"653":0,"654":0,"655":1,"656":1,"657":0,"658":1,"659":0,"660":0,"661":0,"662":0,"663":0,"664":0,"665":1,"666":0,"667":0,"668":0,"669":0,"670":0,"671":0,"672":0,"673":0,"674":0,"675":0,"676":0,"677":0,"678":0,"679":0,"680":1,"681":0,"682":0,"683":0,"684":0,"685":0,"686":0,"687":0,"688":1,"689":0,"690":1,"691":0},"b":{"1":[0,0],"2":[0,0],"3":[0,0],"4":[0,0],"5":[0,0],"6":[0,0],"7":[0,0],"8":[0,0],"9":[0,0],"10":[0,0],"11":[0,0],"12":[0,0],"13":[0,0],"14":[0,0],"15":[0,0],"16":[0,0],"17":[0,0,0],"18":[0,0],"19":[0,0],"20":[0,0],"21":[0,0],"22":[0,0],"23":[0,0],"24":[0,0],"25":[0,0],"26":[0,0],"27":[0,0],"28":[0,0],"29":[0,0],"30":[0,0],"31":[0,0],"32":[0,0],"33":[0,0],"34":[0,0],"35":[0,0],"36":[0,0],"37":[0,0],"38":[0,0],"39":[0,0],"40":[0,0],"41":[0,0],"42":[0,0],"43":[0,0],"44":[0,0],"45":[0,0],"46":[0,0],"47":[0,0],"48":[0,0],"49":[0,0],"50":[0,0],"51":[0,0],"52":[0,0],"53":[0,0],"54":[0,0],"55":[0,0],"56":[0,0],"57":[0,0],"58":[0,0],"59":[0,0],"60":[0,0],"61":[0,0],"62":[0,0],"63":[0,0],"64":[0,0],"65":[0,0],"66":[0,0],"67":[0,0],"68":[0,0],"69":[0,0],"70":[0,0],"71":[0,0],"72":[0,0],"73":[0,0],"74":[0,0],"75":[0,0],"76":[0,0],"77":[0,0],"78":[0,0],"79":[0,0],"80":[0,0],"81":[0,0],"82":[0,0],"83":[0,0],"84":[0,0],"85":[0,0],"86":[0,0],"87":[0,0],"88":[0,0],"89":[0,0],"90":[0,0],"91":[0,0],"92":[0,0],"93":[0,0],"94":[0,0],"95":[0,0],"96":[0,0],"97":[0,0],"98":[0,0],"99":[0,0],"100":[0,0],"101":[0,0],"102":[0,0],"103":[0,0],"104":[0,0],"105":[0,0],"106":[0,0],"107":[0,0],"108":[0,0],"109":[0,0],"110":[0,0],"111":[0,0],"112":[0,0],"113":[0,0],"114":[0,0],"115":[0,0],"116":[0,0],"117":[0,0],"118":[0,0],"119":[0,0],"120":[0,0],"121":[0,0],"122":[0,0],"123":[0,0],"124":[0,0],"125":[0,0],"126":[0,0],"127":[0,0],"128":[0,0],"129":[0,0],"130":[0,0],"131":[0,0],"132":[0,0],"133":[0,0],"134":[0,0],"135":[0,0],"136":[0,0],"137":[0,0],"138":[0,0],"139":[0,0],"140":[0,0],"141":[0,0],"142":[0,0],"143":[0,0],"144":[0,0],"145":[0,0]},"f":{"1":1,"2":0,"3":0,"4":0,"5":0,"6":0,"7":0,"8":0,"9":0,"10":0,"11":0,"12":0,"13":0,"14":0,"15":0,"16":0,"17":0,"18":0,"19":0,"20":0,"21":0,"22":0,"23":0,"24":0,"25":0,"26":0,"27":0,"28":0,"29":0,"30":0,"31":0,"32":0,"33":0,"34":0,"35":0,"36":0,"37":0,"38":0,"39":0,"40":0,"41":0,"42":0,"43":0,"44":0,"45":0,"46":0,"47":0,"48":0,"49":0,"50":0,"51":0,"52":0,"53":0,"54":0,"55":0,"56":0,"57":0,"58":0,"59":0,"60":0,"61":0,"62":0,"63":0,"64":0,"65":0,"66":0,"67":0,"68":0,"69":0,"70":0,"71":0,"72":0,"73":0,"74":0,"75":0,"76":0,"77":0,"78":0,"79":0,"80":0,"81":0,"82":0,"83":0,"84":0,"85":4,"86":0,"87":0,"88":0,"89":0,"90":0,"91":0,"92":0,"93":0,"94":0,"95":0,"96":0,"97":0,"98":0,"99":0,"100":0,"101":0,"102":0,"103":0,"104":0,"105":0,"106":0,"107":0,"108":0,"109":0,"110":0,"111":0,"112":0,"113":0,"114":0,"115":0,"116":0,"117":0,"118":0,"119":0,"120":0,"121":0,"122":0,"123":0,"124":0,"125":0,"126":0,"127":0,"128":0,"129":0,"130":0,"131":0,"132":0,"133":0,"134":0,"135":0,"136":0,"137":0,"138":0,"139":0,"140":0,"141":0,"142":0,"143":0,"144":0,"145":0,"146":0,"147":0,"148":0,"149":0,"150":0,"151":0,"152":0,"153":0,"154":0,"155":0},"fnMap":{"1":{"name":"(anonymous_1)","line":1,"loc":{"start":{"line":1,"column":1},"end":{"line":1,"column":18}}},"2":{"name":"cubism_identity","line":4,"loc":{"start":{"line":4,"column":0},"end":{"line":4,"column":28}}},"3":{"name":"(anonymous_3)","line":5,"loc":{"start":{"line":5,"column":16},"end":{"line":5,"column":45}}},"4":{"name":"(anonymous_4)","line":10,"loc":{"start":{"line":10,"column":17},"end":{"line":10,"column":47}}},"5":{"name":"(anonymous_5)","line":23,"loc":{"start":{"line":23,"column":17},"end":{"line":23,"column":28}}},"6":{"name":"update","line":36,"loc":{"start":{"line":36,"column":2},"end":{"line":36,"column":20}}},"7":{"name":"(anonymous_7)","line":46,"loc":{"start":{"line":46,"column":18},"end":{"line":46,"column":29}}},"8":{"name":"prepare","line":53,"loc":{"start":{"line":53,"column":25},"end":{"line":53,"column":44}}},"9":{"name":"(anonymous_9)","line":58,"loc":{"start":{"line":58,"column":17},"end":{"line":58,"column":28}}},"10":{"name":"(anonymous_10)","line":70,"loc":{"start":{"line":70,"column":17},"end":{"line":70,"column":28}}},"11":{"name":"(anonymous_11)","line":79,"loc":{"start":{"line":79,"column":17},"end":{"line":79,"column":29}}},"12":{"name":"(anonymous_12)","line":87,"loc":{"start":{"line":87,"column":17},"end":{"line":87,"column":29}}},"13":{"name":"(anonymous_13)","line":96,"loc":{"start":{"line":96,"column":24},"end":{"line":96,"column":36}}},"14":{"name":"(anonymous_14)","line":105,"loc":{"start":{"line":105,"column":24},"end":{"line":105,"column":36}}},"15":{"name":"(anonymous_15)","line":112,"loc":{"start":{"line":112,"column":18},"end":{"line":112,"column":30}}},"16":{"name":"(anonymous_16)","line":118,"loc":{"start":{"line":118,"column":15},"end":{"line":118,"column":40}}},"17":{"name":"(anonymous_17)","line":136,"loc":{"start":{"line":136,"column":57},"end":{"line":136,"column":68}}},"18":{"name":"cubism_context","line":154,"loc":{"start":{"line":154,"column":0},"end":{"line":154,"column":26}}},"19":{"name":"(anonymous_19)","line":158,"loc":{"start":{"line":158,"column":35},"end":{"line":158,"column":51}}},"20":{"name":"(anonymous_20)","line":161,"loc":{"start":{"line":161,"column":31},"end":{"line":161,"column":46}}},"21":{"name":"(anonymous_21)","line":166,"loc":{"start":{"line":166,"column":18},"end":{"line":166,"column":39}}},"22":{"name":"(anonymous_22)","line":167,"loc":{"start":{"line":167,"column":26},"end":{"line":167,"column":64}}},"23":{"name":"(anonymous_23)","line":172,"loc":{"start":{"line":172,"column":29},"end":{"line":172,"column":44}}},"24":{"name":"(anonymous_24)","line":174,"loc":{"start":{"line":174,"column":32},"end":{"line":174,"column":44}}},"25":{"name":"(anonymous_25)","line":180,"loc":{"start":{"line":180,"column":20},"end":{"line":180,"column":31}}},"26":{"name":"(anonymous_26)","line":191,"loc":{"start":{"line":191,"column":34},"end":{"line":191,"column":56}}},"27":{"name":"find_ideal_librato_resolution","line":210,"loc":{"start":{"line":210,"column":2},"end":{"line":210,"column":47}}},"28":{"name":"find_librato_resolution","line":244,"loc":{"start":{"line":244,"column":2},"end":{"line":244,"column":55}}},"29":{"name":"(anonymous_29)","line":270,"loc":{"start":{"line":270,"column":24},"end":{"line":270,"column":44}}},"30":{"name":"make_url","line":273,"loc":{"start":{"line":273,"column":4},"end":{"line":273,"column":42}}},"31":{"name":"down_up_sampling","line":286,"loc":{"start":{"line":286,"column":4},"end":{"line":286,"column":64}}},"32":{"name":"(anonymous_32)","line":297,"loc":{"start":{"line":297,"column":29},"end":{"line":297,"column":44}}},"33":{"name":"(anonymous_33)","line":309,"loc":{"start":{"line":309,"column":19},"end":{"line":309,"column":65}}},"34":{"name":"actual_request","line":317,"loc":{"start":{"line":317,"column":6},"end":{"line":317,"column":40}}},"35":{"name":"(anonymous_35)","line":322,"loc":{"start":{"line":322,"column":15},"end":{"line":322,"column":38}}},"36":{"name":"(anonymous_36)","line":327,"loc":{"start":{"line":327,"column":50},"end":{"line":327,"column":62}}},"37":{"name":"(anonymous_37)","line":350,"loc":{"start":{"line":350,"column":18},"end":{"line":350,"column":40}}},"38":{"name":"(anonymous_38)","line":351,"loc":{"start":{"line":351,"column":26},"end":{"line":351,"column":64}}},"39":{"name":"(anonymous_39)","line":357,"loc":{"start":{"line":357,"column":14},"end":{"line":357,"column":33}}},"40":{"name":"(anonymous_40)","line":363,"loc":{"start":{"line":363,"column":20},"end":{"line":363,"column":31}}},"41":{"name":"(anonymous_41)","line":370,"loc":{"start":{"line":370,"column":31},"end":{"line":370,"column":46}}},"42":{"name":"(anonymous_42)","line":373,"loc":{"start":{"line":373,"column":35},"end":{"line":373,"column":50}}},"43":{"name":"(anonymous_43)","line":378,"loc":{"start":{"line":378,"column":18},"end":{"line":378,"column":39}}},"44":{"name":"(anonymous_44)","line":381,"loc":{"start":{"line":381,"column":32},"end":{"line":381,"column":70}}},"45":{"name":"(anonymous_45)","line":392,"loc":{"start":{"line":392,"column":64},"end":{"line":392,"column":79}}},"46":{"name":"(anonymous_46)","line":398,"loc":{"start":{"line":398,"column":23},"end":{"line":398,"column":35}}},"47":{"name":"(anonymous_47)","line":406,"loc":{"start":{"line":406,"column":16},"end":{"line":406,"column":44}}},"48":{"name":"(anonymous_48)","line":408,"loc":{"start":{"line":408,"column":51},"end":{"line":408,"column":68}}},"49":{"name":"(anonymous_49)","line":410,"loc":{"start":{"line":410,"column":40},"end":{"line":410,"column":52}}},"50":{"name":"(anonymous_50)","line":415,"loc":{"start":{"line":415,"column":20},"end":{"line":415,"column":31}}},"51":{"name":"cubism_graphiteFormatDate","line":423,"loc":{"start":{"line":423,"column":0},"end":{"line":423,"column":41}}},"52":{"name":"cubism_graphiteParse","line":428,"loc":{"start":{"line":428,"column":0},"end":{"line":428,"column":36}}},"53":{"name":"(anonymous_53)","line":440,"loc":{"start":{"line":440,"column":11},"end":{"line":440,"column":23}}},"54":{"name":"(anonymous_54)","line":442,"loc":{"start":{"line":442,"column":37},"end":{"line":442,"column":54}}},"55":{"name":"(anonymous_55)","line":468,"loc":{"start":{"line":468,"column":18},"end":{"line":468,"column":39}}},"56":{"name":"(anonymous_56)","line":477,"loc":{"start":{"line":477,"column":10},"end":{"line":477,"column":37}}},"57":{"name":"(anonymous_57)","line":488,"loc":{"start":{"line":488,"column":42},"end":{"line":488,"column":80}}},"58":{"name":"constructGangliaWebRequestQueryParams","line":490,"loc":{"start":{"line":490,"column":6},"end":{"line":490,"column":55}}},"59":{"name":"(anonymous_59)","line":498,"loc":{"start":{"line":498,"column":8},"end":{"line":498,"column":25}}},"60":{"name":"(anonymous_60)","line":508,"loc":{"start":{"line":508,"column":32},"end":{"line":508,"column":43}}},"61":{"name":"(anonymous_61)","line":528,"loc":{"start":{"line":528,"column":20},"end":{"line":528,"column":31}}},"62":{"name":"cubism_metric","line":535,"loc":{"start":{"line":535,"column":0},"end":{"line":535,"column":32}}},"63":{"name":"(anonymous_63)","line":544,"loc":{"start":{"line":544,"column":33},"end":{"line":544,"column":44}}},"64":{"name":"(anonymous_64)","line":548,"loc":{"start":{"line":548,"column":31},"end":{"line":548,"column":46}}},"65":{"name":"(anonymous_65)","line":549,"loc":{"start":{"line":549,"column":18},"end":{"line":549,"column":29}}},"66":{"name":"(anonymous_66)","line":553,"loc":{"start":{"line":553,"column":32},"end":{"line":553,"column":43}}},"67":{"name":"(anonymous_67)","line":567,"loc":{"start":{"line":567,"column":28},"end":{"line":567,"column":53}}},"68":{"name":"(anonymous_68)","line":571,"loc":{"start":{"line":571,"column":31},"end":{"line":571,"column":42}}},"69":{"name":"(anonymous_69)","line":575,"loc":{"start":{"line":575,"column":28},"end":{"line":575,"column":39}}},"70":{"name":"(anonymous_70)","line":579,"loc":{"start":{"line":579,"column":33},"end":{"line":579,"column":57}}},"71":{"name":"prepare","line":593,"loc":{"start":{"line":593,"column":2},"end":{"line":593,"column":33}}},"72":{"name":"(anonymous_72)","line":599,"loc":{"start":{"line":599,"column":32},"end":{"line":599,"column":54}}},"73":{"name":"beforechange","line":609,"loc":{"start":{"line":609,"column":2},"end":{"line":609,"column":39}}},"74":{"name":"(anonymous_74)","line":617,"loc":{"start":{"line":617,"column":19},"end":{"line":617,"column":31}}},"75":{"name":"(anonymous_75)","line":622,"loc":{"start":{"line":622,"column":17},"end":{"line":622,"column":34}}},"76":{"name":"(anonymous_76)","line":627,"loc":{"start":{"line":627,"column":14},"end":{"line":627,"column":39}}},"77":{"name":"(anonymous_77)","line":654,"loc":{"start":{"line":654,"column":46},"end":{"line":654,"column":57}}},"78":{"name":"cubism_metricShift","line":665,"loc":{"start":{"line":665,"column":0},"end":{"line":665,"column":45}}},"79":{"name":"(anonymous_79)","line":666,"loc":{"start":{"line":666,"column":9},"end":{"line":666,"column":47}}},"80":{"name":"cubism_metricConstant","line":670,"loc":{"start":{"line":670,"column":0},"end":{"line":670,"column":47}}},"81":{"name":"(anonymous_81)","line":674,"loc":{"start":{"line":674,"column":17},"end":{"line":674,"column":28}}},"82":{"name":"(anonymous_82)","line":675,"loc":{"start":{"line":675,"column":18},"end":{"line":675,"column":29}}},"83":{"name":"(anonymous_83)","line":680,"loc":{"start":{"line":680,"column":41},"end":{"line":680,"column":52}}},"84":{"name":"(anonymous_84)","line":684,"loc":{"start":{"line":684,"column":40},"end":{"line":684,"column":51}}},"85":{"name":"cubism_metricOperator","line":687,"loc":{"start":{"line":687,"column":0},"end":{"line":687,"column":46}}},"86":{"name":"cubism_metricOperator","line":689,"loc":{"start":{"line":689,"column":2},"end":{"line":689,"column":46}}},"87":{"name":"(anonymous_87)","line":695,"loc":{"start":{"line":695,"column":20},"end":{"line":695,"column":31}}},"88":{"name":"(anonymous_88)","line":700,"loc":{"start":{"line":700,"column":43},"end":{"line":700,"column":55}}},"89":{"name":"(anonymous_89)","line":704,"loc":{"start":{"line":704,"column":41},"end":{"line":704,"column":58}}},"90":{"name":"(anonymous_90)","line":708,"loc":{"start":{"line":708,"column":38},"end":{"line":708,"column":63}}},"91":{"name":"(anonymous_91)","line":715,"loc":{"start":{"line":715,"column":9},"end":{"line":715,"column":25}}},"92":{"name":"(anonymous_92)","line":720,"loc":{"start":{"line":720,"column":56},"end":{"line":720,"column":78}}},"93":{"name":"(anonymous_93)","line":724,"loc":{"start":{"line":724,"column":61},"end":{"line":724,"column":83}}},"94":{"name":"(anonymous_94)","line":728,"loc":{"start":{"line":728,"column":61},"end":{"line":728,"column":83}}},"95":{"name":"(anonymous_95)","line":732,"loc":{"start":{"line":732,"column":59},"end":{"line":732,"column":81}}},"96":{"name":"(anonymous_96)","line":735,"loc":{"start":{"line":735,"column":34},"end":{"line":735,"column":45}}},"97":{"name":"horizon","line":748,"loc":{"start":{"line":748,"column":2},"end":{"line":748,"column":30}}},"98":{"name":"(anonymous_98)","line":751,"loc":{"start":{"line":751,"column":33},"end":{"line":751,"column":44}}},"99":{"name":"(anonymous_99)","line":752,"loc":{"start":{"line":752,"column":32},"end":{"line":752,"column":43}}},"100":{"name":"(anonymous_100)","line":765,"loc":{"start":{"line":765,"column":19},"end":{"line":765,"column":34}}},"101":{"name":"change","line":782,"loc":{"start":{"line":782,"column":6},"end":{"line":782,"column":36}}},"102":{"name":"focus","line":860,"loc":{"start":{"line":860,"column":6},"end":{"line":860,"column":24}}},"103":{"name":"(anonymous_103)","line":874,"loc":{"start":{"line":874,"column":41},"end":{"line":874,"column":63}}},"104":{"name":"(anonymous_104)","line":881,"loc":{"start":{"line":881,"column":19},"end":{"line":881,"column":39}}},"105":{"name":"remove","line":894,"loc":{"start":{"line":894,"column":4},"end":{"line":894,"column":23}}},"106":{"name":"(anonymous_106)","line":901,"loc":{"start":{"line":901,"column":17},"end":{"line":901,"column":29}}},"107":{"name":"(anonymous_107)","line":907,"loc":{"start":{"line":907,"column":19},"end":{"line":907,"column":31}}},"108":{"name":"(anonymous_108)","line":913,"loc":{"start":{"line":913,"column":19},"end":{"line":913,"column":31}}},"109":{"name":"(anonymous_109)","line":919,"loc":{"start":{"line":919,"column":18},"end":{"line":919,"column":30}}},"110":{"name":"(anonymous_110)","line":925,"loc":{"start":{"line":925,"column":19},"end":{"line":925,"column":31}}},"111":{"name":"(anonymous_111)","line":931,"loc":{"start":{"line":931,"column":18},"end":{"line":931,"column":30}}},"112":{"name":"(anonymous_112)","line":937,"loc":{"start":{"line":937,"column":19},"end":{"line":937,"column":31}}},"113":{"name":"(anonymous_113)","line":943,"loc":{"start":{"line":943,"column":19},"end":{"line":943,"column":31}}},"114":{"name":"(anonymous_114)","line":951,"loc":{"start":{"line":951,"column":37},"end":{"line":951,"column":48}}},"115":{"name":"(anonymous_115)","line":956,"loc":{"start":{"line":956,"column":16},"end":{"line":956,"column":28}}},"116":{"name":"(anonymous_116)","line":957,"loc":{"start":{"line":957,"column":18},"end":{"line":957,"column":30}}},"117":{"name":"comparison","line":965,"loc":{"start":{"line":965,"column":2},"end":{"line":965,"column":33}}},"118":{"name":"(anonymous_118)","line":968,"loc":{"start":{"line":968,"column":36},"end":{"line":968,"column":47}}},"119":{"name":"(anonymous_119)","line":969,"loc":{"start":{"line":969,"column":35},"end":{"line":969,"column":46}}},"120":{"name":"(anonymous_120)","line":985,"loc":{"start":{"line":985,"column":19},"end":{"line":985,"column":34}}},"121":{"name":"change","line":1000,"loc":{"start":{"line":1000,"column":6},"end":{"line":1000,"column":35}}},"122":{"name":"focus","line":1051,"loc":{"start":{"line":1051,"column":6},"end":{"line":1051,"column":24}}},"123":{"name":"firstChange","line":1073,"loc":{"start":{"line":1073,"column":6},"end":{"line":1073,"column":40}}},"124":{"name":"(anonymous_124)","line":1087,"loc":{"start":{"line":1087,"column":22},"end":{"line":1087,"column":42}}},"125":{"name":"remove","line":1100,"loc":{"start":{"line":1100,"column":4},"end":{"line":1100,"column":23}}},"126":{"name":"(anonymous_126)","line":1108,"loc":{"start":{"line":1108,"column":22},"end":{"line":1108,"column":34}}},"127":{"name":"(anonymous_127)","line":1114,"loc":{"start":{"line":1114,"column":23},"end":{"line":1114,"column":35}}},"128":{"name":"(anonymous_128)","line":1120,"loc":{"start":{"line":1120,"column":25},"end":{"line":1120,"column":37}}},"129":{"name":"(anonymous_129)","line":1126,"loc":{"start":{"line":1126,"column":21},"end":{"line":1126,"column":33}}},"130":{"name":"(anonymous_130)","line":1132,"loc":{"start":{"line":1132,"column":22},"end":{"line":1132,"column":34}}},"131":{"name":"(anonymous_131)","line":1138,"loc":{"start":{"line":1138,"column":21},"end":{"line":1138,"column":33}}},"132":{"name":"(anonymous_132)","line":1144,"loc":{"start":{"line":1144,"column":29},"end":{"line":1144,"column":41}}},"133":{"name":"(anonymous_133)","line":1150,"loc":{"start":{"line":1150,"column":28},"end":{"line":1150,"column":40}}},"134":{"name":"(anonymous_134)","line":1156,"loc":{"start":{"line":1156,"column":22},"end":{"line":1156,"column":34}}},"135":{"name":"(anonymous_135)","line":1162,"loc":{"start":{"line":1162,"column":27},"end":{"line":1162,"column":39}}},"136":{"name":"cubism_comparisonRoundEven","line":1174,"loc":{"start":{"line":1174,"column":0},"end":{"line":1174,"column":39}}},"137":{"name":"cubism_comparisonRoundOdd","line":1178,"loc":{"start":{"line":1178,"column":0},"end":{"line":1178,"column":38}}},"138":{"name":"(anonymous_138)","line":1181,"loc":{"start":{"line":1181,"column":31},"end":{"line":1181,"column":42}}},"139":{"name":"axis","line":1191,"loc":{"start":{"line":1191,"column":2},"end":{"line":1191,"column":27}}},"140":{"name":"(anonymous_140)","line":1203,"loc":{"start":{"line":1203,"column":36},"end":{"line":1203,"column":47}}},"141":{"name":"(anonymous_141)","line":1210,"loc":{"start":{"line":1210,"column":35},"end":{"line":1210,"column":47}}},"142":{"name":"(anonymous_142)","line":1218,"loc":{"start":{"line":1218,"column":52},"end":{"line":1218,"column":64}}},"143":{"name":"(anonymous_143)","line":1224,"loc":{"start":{"line":1224,"column":16},"end":{"line":1224,"column":36}}},"144":{"name":"remove","line":1230,"loc":{"start":{"line":1230,"column":4},"end":{"line":1230,"column":23}}},"145":{"name":"(anonymous_145)","line":1236,"loc":{"start":{"line":1236,"column":21},"end":{"line":1236,"column":33}}},"146":{"name":"(anonymous_146)","line":1254,"loc":{"start":{"line":1254,"column":31},"end":{"line":1254,"column":42}}},"147":{"name":"rule","line":1258,"loc":{"start":{"line":1258,"column":2},"end":{"line":1258,"column":27}}},"148":{"name":"(anonymous_148)","line":1266,"loc":{"start":{"line":1266,"column":19},"end":{"line":1266,"column":34}}},"149":{"name":"change","line":1273,"loc":{"start":{"line":1273,"column":6},"end":{"line":1273,"column":35}}},"150":{"name":"(anonymous_150)","line":1292,"loc":{"start":{"line":1292,"column":35},"end":{"line":1292,"column":47}}},"151":{"name":"(anonymous_151)","line":1299,"loc":{"start":{"line":1299,"column":16},"end":{"line":1299,"column":36}}},"152":{"name":"remove","line":1305,"loc":{"start":{"line":1305,"column":4},"end":{"line":1305,"column":23}}},"153":{"name":"(anonymous_153)","line":1310,"loc":{"start":{"line":1310,"column":16},"end":{"line":1310,"column":28}}},"154":{"name":"cubism_ruleStyle","line":1319,"loc":{"start":{"line":1319,"column":0},"end":{"line":1319,"column":32}}},"155":{"name":"cubism_ruleLeft","line":1328,"loc":{"start":{"line":1328,"column":0},"end":{"line":1328,"column":28}}}},"statementMap":{"1":{"start":{"line":1,"column":0},"end":{"line":1331,"column":9}},"2":{"start":{"line":2,"column":0},"end":{"line":2,"column":49}},"3":{"start":{"line":3,"column":0},"end":{"line":3,"column":18}},"4":{"start":{"line":4,"column":0},"end":{"line":4,"column":41}},"5":{"start":{"line":4,"column":30},"end":{"line":4,"column":39}},"6":{"start":{"line":5,"column":0},"end":{"line":8,"column":2}},"7":{"start":{"line":6,"column":2},"end":{"line":6,"column":36}},"8":{"start":{"line":7,"column":2},"end":{"line":7,"column":50}},"9":{"start":{"line":10,"column":0},"end":{"line":22,"column":2}},"10":{"start":{"line":11,"column":2},"end":{"line":15,"column":8}},"11":{"start":{"line":16,"column":2},"end":{"line":20,"column":3}},"12":{"start":{"line":17,"column":4},"end":{"line":19,"column":5}},"13":{"start":{"line":18,"column":6},"end":{"line":18,"column":44}},"14":{"start":{"line":21,"column":2},"end":{"line":21,"column":72}},"15":{"start":{"line":23,"column":0},"end":{"line":152,"column":2}},"16":{"start":{"line":24,"column":2},"end":{"line":34,"column":12}},"17":{"start":{"line":36,"column":2},"end":{"line":44,"column":3}},"18":{"start":{"line":37,"column":4},"end":{"line":37,"column":25}},"19":{"start":{"line":38,"column":4},"end":{"line":38,"column":82}},"20":{"start":{"line":39,"column":4},"end":{"line":39,"column":43}},"21":{"start":{"line":40,"column":4},"end":{"line":40,"column":68}},"22":{"start":{"line":41,"column":4},"end":{"line":41,"column":43}},"23":{"start":{"line":42,"column":4},"end":{"line":42,"column":34}},"24":{"start":{"line":43,"column":4},"end":{"line":43,"column":19}},"25":{"start":{"line":46,"column":2},"end":{"line":68,"column":4}},"26":{"start":{"line":47,"column":4},"end":{"line":47,"column":39}},"27":{"start":{"line":47,"column":17},"end":{"line":47,"column":39}},"28":{"start":{"line":48,"column":4},"end":{"line":48,"column":50}},"29":{"start":{"line":51,"column":4},"end":{"line":51,"column":43}},"30":{"start":{"line":51,"column":29},"end":{"line":51,"column":43}},"31":{"start":{"line":53,"column":4},"end":{"line":66,"column":14}},"32":{"start":{"line":54,"column":6},"end":{"line":54,"column":77}},"33":{"start":{"line":55,"column":6},"end":{"line":55,"column":45}},"34":{"start":{"line":56,"column":6},"end":{"line":56,"column":49}},"35":{"start":{"line":58,"column":6},"end":{"line":63,"column":22}},"36":{"start":{"line":59,"column":8},"end":{"line":59,"column":55}},"37":{"start":{"line":60,"column":8},"end":{"line":60,"column":56}},"38":{"start":{"line":61,"column":8},"end":{"line":61,"column":50}},"39":{"start":{"line":62,"column":8},"end":{"line":62,"column":41}},"40":{"start":{"line":65,"column":6},"end":{"line":65,"column":42}},"41":{"start":{"line":67,"column":4},"end":{"line":67,"column":19}},"42":{"start":{"line":70,"column":2},"end":{"line":73,"column":4}},"43":{"start":{"line":71,"column":4},"end":{"line":71,"column":36}},"44":{"start":{"line":72,"column":4},"end":{"line":72,"column":19}},"45":{"start":{"line":75,"column":2},"end":{"line":75,"column":42}},"46":{"start":{"line":79,"column":2},"end":{"line":83,"column":4}},"47":{"start":{"line":80,"column":4},"end":{"line":80,"column":39}},"48":{"start":{"line":80,"column":27},"end":{"line":80,"column":39}},"49":{"start":{"line":81,"column":4},"end":{"line":81,"column":14}},"50":{"start":{"line":82,"column":
[...]
 < m; ++j) values[j + i] = data[j];","      event.change.call(metric, start, stop);","    });","  }","","  // When the context changes, switch to the new data, ready-or-not!","  function beforechange(start1, stop1) {","    if (!isFinite(start)) start = start1;","    values.splice(0, Math.max(0, Math.min(size, Math.round((start1 - start) / step))));","    start = start1;","    stop = stop1;","  }","","  //","  metric.valueAt = function(i) {","    return values[i];","  };","","  //","  metric.shift = function(offset) {","    return context.metric(cubism_metricShift(request, +offset));","  };","","  //","  metric.on = function(type, listener) {","    if (!arguments.length) return event.on(type);","","    // If there are no listeners, then stop listening to the context,","    // and avoid unnecessary fetches.","    if (listener == null) {","      if (event.on(type) != null && --listening == 0) {","        context.on(\"prepare\" + id, null).on(\"beforechange\" + id, null);","      }","    } else {","      if (event.on(type) == null && ++listening == 1) {","        context.on(\"prepare\" + id, prepare).on(\"beforechange\" + id, beforechange);","      }","    }","","    event.on(type, listener);","","    // Notify the listener of the current start and stop time, as appropriate.","    // This way, charts can display synchronous metrics immediately.","    if (listener != null) {","      if (/^change(\\.|$)/.test(type)) listener.call(context, start, stop);","    }","","    return metric;","  };","","  //","  if (arguments.length > 1) metric.toString = function() {","    return name;","  };","","  return metric;","};","","// Number of metric to refetch each period, in case of lag.","var cubism_metricOverlap = 6;","","// Wraps the specified request implementation, and shifts time by the given offset.","function cubism_metricShift(request, offset) {","  return function(start, stop, step, callback) {","    request(new Date(+start + offset), new Date(+stop + offset), step, callback);","  };","}",""],"l":{"1":1,"2":0,"3":0,"6":2,"8":2,"10":0,"11":0,"14":0,"15":0,"16":0,"19":0,"20":0,"25":0,"26":0,"27":0,"28":0,"30":0,"33":0,"34":0,"37":0,"38":0,"41":0,"42":0,"45":0,"46":0,"59":1,"60":0,"61":0,"62":0,"63":0,"64":0,"65":0,"66":0,"67":0,"68":0,"69":0,"70":0,"75":1,"76":0,"77":0,"78":0,"79":0,"83":0,"84":0,"88":0,"89":0,"93":0,"94":0,"98":0,"99":0,"100":0,"103":0,"104":0,"108":0,"112":0,"113":0,"116":0,"120":0,"121":0,"124":0,"128":0,"131":1,"132":0,"133":0}},"/home/travis/build/npmtest/node-npmtest-cubism/node_modules/cubism/src/metric-operator.js":{"path":"/home/travis/build/npmtest/node-npmtest-cubism/node_modules/cubism/src/metric-operator.js","s":{"1":1,"2":1,"3":0,"4":0,"5":0,"6":0,"7":0,"8":0,"9":0,"10":0,"11":0,"12":0,"13":0,"14":0,"15":0,"16":0,"17":0,"18":0,"19":0,"20":0,"21":0,"22":0,"23":0,"24":0,"25":2,"26":0,"27":0,"28":0,"29":0,"30":0,"31":0,"32":0},"b":{"1":[0,0],"2":[0,0],"3":[0,0]},"f":{"1":0,"2":0,"3":0,"4":0,"5":0,"6":0,"7":0,"8":0,"9":0,"10":0,"11":0},"fnMap":{"1":{"name":"cubism_metricOperator","line":1,"loc":{"start":{"line":1,"column":0},"end":{"line":1,"column":46}}},"2":{"name":"cubism_metricOperator","line":3,"loc":{"start":{"line":3,"column":2},"end":{"line":3,"column":46}}},"3":{"name":"(anonymous_3)","line":9,"loc":{"start":{"line":9,"column":20},"end":{"line":9,"column":31}}},"4":{"name":"(anonymous_4)","line":14,"loc":{"start":{"line":14,"column":43},"end":{"line":14,"column":55}}},"5":{"name":"(anonymous_5)","line":18,"loc":{"start":{"line":18,"column":41},"end":{"line":18,"column":58}}},"6":{"name":"(anonymous_6)","line":22,"loc":{"start":{"line":22,"column":38},"end":{"line":22,"column":63}}},"7":{"name":"(anonymous_7)","line":29,"loc":{"start":{"line":29,"column":9},"end":{"line":29,"column":25}}},"8":{"name":"(anonymous_8)","line":34,"loc":{"start":{"line":34,"column":56},"end":{"line":34,"column":78}}},"9":{"name":"(anonymous_9)","line":38,"loc":{"start":{"line":38,"column":61},"end":{"line":38,"column":83}}},"10":{"name":"(anonymous_10)","line":42,"loc":{"start":{"line":42,"column":61},"end":{"line":42,"column":83}}},"11":{"name":"(anonymous_11)","line":46,"loc":{"start":{"line":46,"column":59},"end":{"line":46,"column":81}}}},"statementMap":{"1":{"start":{"line":1,"column":0},"end":{"line":32,"column":1}},"2":{"start":{"line":3,"column":2},"end":{"line":10,"column":3}},"3":{"start":{"line":4,"column":4},"end":{"line":5,"column":81}},"4":{"start":{"line":4,"column":43},"end":{"line":4,"column":98}},"5":{"start":{"line":5,"column":9},"end":{"line":5,"column":81}},"6":{"start":{"line":5,"column":45},"end":{"line":5,"column":81}},"7":{"start":{"line":6,"column":4},"end":{"line":6,"column":43}},"8":{"start":{"line":7,"column":4},"end":{"line":7,"column":21}},"9":{"start":{"line":8,"column":4},"end":{"line":8,"column":23}},"10":{"start":{"line":9,"column":4},"end":{"line":9,"column":75}},"11":{"start":{"line":9,"column":33},"end":{"line":9,"column":72}},"12":{"start":{"line":12,"column":2},"end":{"line":12,"column":112}},"13":{"start":{"line":14,"column":2},"end":{"line":16,"column":4}},"14":{"start":{"line":15,"column":4},"end":{"line":15,"column":64}},"15":{"start":{"line":18,"column":2},"end":{"line":20,"column":4}},"16":{"start":{"line":19,"column":4},"end":{"line":19,"column":88}},"17":{"start":{"line":22,"column":2},"end":{"line":27,"column":4}},"18":{"start":{"line":23,"column":4},"end":{"line":23,"column":56}},"19":{"start":{"line":23,"column":30},"end":{"line":23,"column":56}},"20":{"start":{"line":24,"column":4},"end":{"line":24,"column":33}},"21":{"start":{"line":25,"column":4},"end":{"line":25,"column":34}},"22":{"start":{"line":26,"column":4},"end":{"line":26,"column":16}},"23":{"start":{"line":29,"column":2},"end":{"line":31,"column":4}},"24":{"start":{"line":30,"column":4},"end":{"line":30,"column":50}},"25":{"start":{"line":34,"column":0},"end":{"line":36,"column":3}},"26":{"start":{"line":35,"column":2},"end":{"line":35,"column":22}},"27":{"start":{"line":38,"column":0},"end":{"line":40,"column":3}},"28":{"start":{"line":39,"column":2},"end":{"line":39,"column":22}},"29":{"start":{"line":42,"column":0},"end":{"line":44,"column":3}},"30":{"start":{"line":43,"column":2},"end":{"line":43,"column":22}},"31":{"start":{"line":46,"column":0},"end":{"line":48,"column":3}},"32":{"start":{"line":47,"column":2},"end":{"line":47,"column":22}}},"branchMap":{"1":{"line":4,"type":"if","locations":[{"start":{"line":4,"column":4},"end":{"line":4,"column":4}},{"start":{"line":4,"column":4},"end":{"line":4,"column":4}}]},"2":{"line":5,"type":"if","locations":[{"start":{"line":5,"column":9},"end":{"line":5,"column":9}},{"start":{"line":5,"column":9},"end":{"line":5,"column":9}}]},"3":{"line":23,"type":"if","locations":[{"start":{"line":23,"column":4},"end":{"line":23,"column":4}},{"start":{"line":23,"column":4},"end":{"line":23,"column":4}}]}},"code":["function cubism_metricOperator(name, operate) {","","  function cubism_metricOperator(left, right) {","    if (!(right instanceof cubism_metric)) right = new cubism_metricConstant(left.context, right);","    else if (left.context !== right.context) throw new Error(\"mismatch context\");","    cubism_metric.call(this, left.context);","    this.left = left;","    this.right = right;","    this.toString = function() { return left + \" \" + name + \" \" + right; };","  }","","  var cubism_metricOperatorPrototype = cubism_metricOperator.prototype = Object.create(cubism_metric.prototype);","","  cubism_metricOperatorPrototype.valueAt = function(i) {","    return operate(this.left.valueAt(i), this.right.valueAt(i));","  };","","  cubism_metricOperatorPrototype.shift = function(offset) {","    return new cubism_metricOperator(this.left.shift(offset), this.right.shift(offset));","  };","","  cubism_metricOperatorPrototype.on = function(type, listener) {","    if (arguments.length < 2) return this.left.on(type);","    this.left.on(type, listener);","    this.right.on(type, listener);","    return this;","  };","","  return function(right) {","    return new cubism_metricOperator(this, right);","  };","}","","cubism_metricPrototype.add = cubism_metricOperator(\"+\", function(left, right) {","  return left + right;","});","","cubism_metricPrototype.subtract = cubism_metricOperator(\"-\", function(left, right) {","  return left - right;","});","","cubism_metricPrototype.multiply = cubism_metricOperator(\"*\", function(left, right) {","  return left * right;","});","","cubism_metricPrototype.divide = cubism_metricOperator(\"/\", function(left, right) {","  return left / right;","});",""],"l":{"1":1,"3":1,"4":0,"5":0,"6":0,"7":0,"8":0,"9":0,"12":0,"14":0,"15":0,"18":0,"19":0,"22":0,"23":0,"24":0,"25":0,"26":0,"29":0,"30":0,"34":2,"35":0,"38":0,"39":0,"42":0,"43":0,"46":0,"47":0}},"/home/travis/build/npmtest/node-npmtest-cubism/node_modules/cubism/src/option.js":{"path":"/home/travis/build/npmtest/node-npmtest-cubism/node_modules/cubism/src/option.js","s":{"1":2,"2":0,"3":0,"4":0,"5":0,"6":0,"7":0,"8":0,"9":0},"b":{"1":[0,0],"2":[0,0],"3":[0,0],"4":[0,0]},"f":{"1":0,"2":0},"fnMap":{"1":{"name":"(anonymous_1)","line":1,"loc":{"start":{"line":1,"column":16},"end":{"line":1,"column":45}}},"2":{"name":"(anonymous_2)","line":6,"loc":{"start":{"line":6,"column":17},"end":{"line":6,"column":47}}}},"statementMap":{"1":{"start":{"line":1,"column":0},"end":{"line":4,"column":2}},"2":{"start":{"line":2,"column":2},"end":{"line":2,"column":36}},"3":{"start":{"line":3,"column":2},"end":{"line":3,"column":50}},"4":{"start":{"line":6,"column":0},"end":{"line":18,"column":2}},"5":{"start":{"line":7,"column":2},"end":{"line":11,"column":8}},"6":{"start":{"line":12,"column":2},"end":{"line":16,"column":3}},"7":{"start":{"line":13,"column":4},"end":{"line":15,"column":5}},"8":{"start":{"line":14,"column":6},"end":{"line":14,"column":44}},"9":{"start":{"line":17,"column":2},"end":{"line":17,"column":72}}},"branchMap":{"1":{"line":3,"type":"cond-expr","locations":[{"start":{"line":3,"column":25},"end":{"line":3,"column":34}},{"start":{"line":3,"column":37},"end":{"line":3,"column":49}}]},"2":{"line":13,"type":"if","locations":[{"start":{"line":13,"column":4},"end":{"line":13,"column":4}},{"start":{"line":13,"column":4},"end":{"line":13,"column":4}}]},"3":{"line":17,"type":"cond-expr","locations":[{"start":{"line":17,"column":49},"end":{"line":17,"column":55}},{"start":{"line":17,"column":58},"end":{"line":17,"column":71}}]},"4":{"line":17,"type":"binary-expr","locations":[{"start":{"line":17,"column":9},"end":{"line":17,"column":22}},{"start":{"line":17,"column":26},"end":{"line":17,"column":46}}]}},"code":["cubism.option = function(name, defaultValue) {","  var values = cubism.options(name);","  return values.length ? values[0] : defaultValue;","};","","cubism.options = function(name, defaultValues) {","  var options = location.search.substring(1).split(\"&\"),","      values = [],","      i = -1,","      n = options.length,","      o;","  while (++i < n) {","    if ((o = options[i].split(\"=\"))[0] == name) {","      values.push(decodeURIComponent(o[1]));","    }","  }","  return values.length || arguments.length < 2 ? values : defaultValues;","};",""],"l":{"1":2,"2":0,"3":0,"6":0,"7":0,"12":0,"13":0,"14":0,"17":0}},"/home/travis/build/npmtest/node-npmtest-cubism/node_modules/cubism/src/package.js":{"path":"/home/travis/build/npmtest/node-npmtest-cubism/node_modules/cubism/src/package.js","s":{"1":1,"2":1,"3":1,"4":1},"b":{},"f":{},"fnMap":{},"statementMap":{"1":{"start":{"line":1,"column":0},"end":{"line":1,"column":27}},"2":{"start":{"line":3,"column":0},"end":{"line":3,"column":14}},"3":{"start":{"line":5,"column":0},"end":{"line":6,"column":44}},"4":{"start":{"line":8,"column":0},"end":{"line":25,"column":12}}},"branchMap":{},"code":["var util = require(\"util\");","","navigator = {} ","","var d3 = require(\"d3\"),","    cubism = require(\"../cubism.v1\").cubism;","","util.puts(JSON.stringify({","  \"name\": \"cubism\",","  \"version\": cubism.version,","  \"description\": \"A JavaScript library for time series visualization.\",","  \"keywords\": [\"time series\", \"visualization\", \"d3\"],","  \"homepage\": \"http://square.github.com/cubism/\",","  \"author\": {\"name\": \"Mike Bostock\", \"url\": \"http://bost.ocks.org/mike\"},","  \"repository\": {\"type\": \"git\", \"url\": \"http://github.com/square/cubism.git\"},","  \"main\": \"./index.js\",","  \"dependencies\": {","    \"d3\": \"3.x\"","  },","  \"devDependencies\": {","    \"vows\": \"0.6.1\",","    \"uglify-js\": \"1.2.5\"","  }","}",", null, 2));",""],"l":{"1":1,"3":1,"5":1,"8":1}},"/home/travis/build/npmtest/node-npmtest-cubism/node_modules/cubism/src/rule.js":{"path":"/home/travis/build/npmtest/node-npmtest-cubism/node_modules/cubism/src/rule.js","s":{"1":2,"2":0,"3":1,"4":0,"5":0,"6":0,"7":0,"8":0,"9":0,"10":1,"11":0,"12":0,"13":0,"14":0,"15":0,"16":0,"17":0,"18":0,"19":0,"20":0,"21":0,"22":0,"23":0,"24":0,"25":1,"26":0,"27":0,"28":0,"29":0,"30":0,"31":0,"32":0,"33":1,"34":0,"35":1,"36":0},"b":{"1":[0,0],"2":[0,0],"3":[0,0],"4":[0,0],"5":[0,0],"6":[0,0]},"f":{"1":0,"2":0,"3":0,"4":0,"5":0,"6":0,"7":0,"8":0,"9":0,"10":0},"fnMap":{"1":{"name":"(anonymous_1)","line":1,"loc":{"start":{"line":1,"column":31},"end":{"line":1,"column":42}}},"2":{"name":"rule","line":5,"loc":{"start":{"line":5,"column":2},"end":{"line":5,"column":27}}},"3":{"name":"(anonymous_3)","line":13,"loc":{"start":{"line":13,"column":19},"end":{"line":13,"column":34}}},"4":{"name":"change","line":20,"loc":{"start":{"line":20,"column":6},"end":{"line":20,"column":35}}},"5":{"name":"(anonymous_5)","line":39,"loc":{"start":{"line":39,"column":35},"end":{"line":39,"column":47}}},"6":{"name":"(anonymous_6)","line":46,"loc":{"start":{"line":46,"column":16},"end":{"line":46,"column":36}}},"7":{"name":"remove","line":52,"loc":{"start":{"line":52,"column":4},"end":{"line":52,"column":23}}},"8":{"name":"(anonymous_8)","line":57,"loc":{"start":{"line":57,"column":16},"end":{"line":57,"column":28}}},"9":{"name":"cubism_ruleStyle","line":66,"loc":{"start":{"line":66,"column":0},"end":{"line":66,"column":32}}},"10":{"name":"cubism_ruleLeft","line":75,"loc":{"start":{"line":75,"column":0},"end":{"line":75,"column":28}}}},"statementMap":{"1":{"start":{"line":1,"column":0},"end":{"line":64,"column":2}},"2":{"start":{"line":2,"column":2},"end":{"line":3,"column":31}},"3":{"start":{"line":5,"column":2},"end":{"line":44,"column":3}},"4":{"start":{"line":6,"column":4},"end":{"line":6,"column":25}},"5":{"start":{"line":8,"column":4},"end":{"line":11,"column":32}},"6":{"start":{"line":13,"column":4},"end":{"line":37,"column":7}},"7":{"start":{"line":14,"column":6},"end":{"line":16,"column":84}},"8":{"start":{"line":18,"column":6},"end":{"line":18,"column":27}},"9":{"start":{"line":18,"column":20},"end":{"line":18,"column":27}},"10":{"start":{"line":20,"column":6},"end":{"line":33,"column":7}},"11":{"start":{"line":21,"column":8},"end":{"line":21,"column":24}},"12":{"start":{"line":23,"column":8},"end":{"line":27,"column":9}},"13":{"start":{"line":24,"column":10},"end":{"line":26,"column":11}},"14":{"start":{"line":25,"column":12},"end":{"line":25,"column":27}},"15":{"start":{"line":29,"column":8},"end":{"line":29,"column":64}},"16":{"start":{"line":30,"column":8},"end":{"line":30,"column":30}},"17":{"start":{"line":31,"column":8},"end":{"line":31,"column":88}},"18":{"start":{"line":32,"column":8},"end":{"line":32,"column":45}},"19":{"start":{"line":35,"column":6},"end":{"line":35,"column":46}},"20":{"start":{"line":36,"column":6},"end":{"line":36,"column":46}},"21":{"start":{"line":39,"column":4},"end":{"line":43,"column":7}},"22":{"start":{"line":40,"column":6},"end":{"line":42,"column":61}},"23":{"start":{"line":46,"column":2},"end":{"line":55,"column":4}},"24":{"start":{"line":48,"column":4},"end":{"line":50,"column":18}},"25":{"start":{"line":52,"column":4},"end":{"line":54,"column":5}},"26":{"start":{"line":53,"column":6},"end":{"line":53,"column":45}},"27":{"start":{"line":57,"column":2},"end":{"line":61,"column":4}},"28":{"start":{"line":58,"column":4},"end":{"line":58,"column":41}},"29":{"start":{"line":58,"column":27},"end":{"line":58,"column":41}},"30":{"start":{"line":59,"column":4},"end":{"line":59,"column":15}},"31":{"start":{"line":60,"column":4},"end":{"line":60,"column":16}},"32":{"start":{"line":63,"column":2},"end":{"line":63,"column":14}},"33":{"start":{"line":66,"column":0},"end":{"line":73,"column":1}},"34":{"start":{"line":67,"column":2},"end":{"line":72,"column":39}},"35":{"start":{"line":75,"column":0},"end":{"line":77,"column":1}},"36":{"start":{"line":76,"column":2},"end":{"line":76,"column":18}}},"branchMap":{"1":{"line":16,"type":"cond-expr","locations":[{"start":{"line":16,"column":51},"end":{"line":16,"column":74}},{"start":{"line":16,"column":77},"end":{"line":16,"column":83}}]},"2":{"line":18,"type":"if","locations":[{"start":{"line":18,"column":6},"end":{"line":18,"column":6}},{"start":{"line":18,"column":6},"end":{"line":18,"column":6}}]},"3":{"line":24,"type":"if","locations":[{"start":{"line":24,"column":10},"end":{"line":24,"column":10}},{"start":{"line":24,"column":10},"end":{"line":24,"column":10}}]},"4":{"line":41,"type":"cond-expr","locations":[{"start":{"line":41,"column":40},"end":{"line":41,"column":46}},{"start":{"line":41,"column":49},"end":{"line":41,"column":53}}]},"5":{"line":42,"type":"cond-expr","locations":[{"start":{"line":42,"column":37},"end":{"line":42,"column":41}},{"start":{"line":42,"column":44},"end":{"line":42,"column":59}}]},"6":{"line":58,"type":"if","locations":[{"start":{"line":58,"column":4},"end":{"line":58,"column":4}},{"start":{"line":58,"column":4},"end":{"line":58,"column":4}}]}},"code":["cubism_contextPrototype.rule = function() {","  var context = this,","      metric = cubism_identity;","","  function rule(selection) {","    var id = ++cubism_id;","","    var line = selection.append(\"div\")","        .datum({id: id})","        .attr(\"class\", \"line\")","        .call(cubism_ruleStyle);","","    selection.each(function(d, i) {","      var that = this,","          id = ++cubism_id,","          metric_ = typeof metric === \"function\" ? metric.call(that, d, i) : metric;","","      if (!metric_) return;","","      function change(start, stop) {","        var values = [];","","        for (var i = 0, n = context.size(); i < n; ++i) {","          if (metric_.valueAt(i)) {","            values.push(i);","          }","        }","","        var lines = selection.selectAll(\".metric\").data(values);","        lines.exit().remove();","        lines.enter().append(\"div\").attr(\"class\", \"metric line\").call(cubism_ruleStyle);","        lines.style(\"left\", cubism_ruleLeft);","      }","","      context.on(\"change.rule-\" + id, change);","      metric_.on(\"change.rule-\" + id, change);","    });","","    context.on(\"focus.rule-\" + id, function(i) {","      line.datum(i)","          .style(\"display\", i == null ? \"none\" : null)","          .style(\"left\", i == null ? null : cubism_ruleLeft);","    });","  }","","  rule.remove = function(selection) {","","    selection.selectAll(\".line\")","        .each(remove)","        .remove();","","    function remove(d) {","      context.on(\"focus.rule-\" + d.id, null);","    }","  };","","  rule.metric = function(_) {","    if (!arguments.length) return metric;","    metric = _;","    return rule;","  };","","  return rule;","};","","function cubism_ruleStyle(line) {","  line","      .style(\"position\", \"absolute\")","      .style(\"top\", 0)","      .style(\"bottom\", 0)","      .style(\"width\", \"1px\")","      .style(\"pointer-events\", \"none\");","}","","function cubism_ruleLeft(i) {","  return i + \"px\";","}",""],"l":{"1":2,"2":0,"5":1,"6":0,"8":0,"13":0,"14":0,"18":0,"20":1,"21":0,"23":0,"24":0,"25":0,"29":0,"30":0,"31":0,"32":0,"35":0,"36":0,"39":0,"40":0,"46":0,"48":0,"52":1,"53":0,"57":0,"58":0,"59":0,"60":0,"63":0,"66":1,"67":0,"75":1,"76":0}}}